Log file opened on Tue Jun 15 14:18:14 2021
Host: UK-2016600318  pid: 223  rank ID: 0  number of ranks:  1
                      :-) GROMACS - gmx mdrun, 2018.8 (-:

                            GROMACS is written by:
     Emile Apol      Rossen Apostolov      Paul Bauer     Herman J.C. Berendsen
    Par Bjelkmar    Aldert van Buuren   Rudi van Drunen     Anton Feenstra  
  Gerrit Groenhof    Aleksei Iupinov   Christoph Junghans   Anca Hamuraru   
 Vincent Hindriksen Dimitrios Karkoulis    Peter Kasson        Jiri Kraus    
  Carsten Kutzner      Per Larsson      Justin A. Lemkul    Viveca Lindahl  
  Magnus Lundborg   Pieter Meulenhoff    Erik Marklund      Teemu Murtola   
    Szilard Pall       Sander Pronk      Roland Schulz     Alexey Shvetsov  
   Michael Shirts     Alfons Sijbers     Peter Tieleman    Teemu Virolainen 
 Christian Wennberg    Maarten Wolf   
                           and the project leaders:
        Mark Abraham, Berk Hess, Erik Lindahl, and David van der Spoel

Copyright (c) 1991-2000, University of Groningen, The Netherlands.
Copyright (c) 2001-2017, The GROMACS development team at
Uppsala University, Stockholm University and
the Royal Institute of Technology, Sweden.
check out http://www.gromacs.org for more information.

GROMACS is free software; you can redistribute it and/or modify it
under the terms of the GNU Lesser General Public License
as published by the Free Software Foundation; either version 2.1
of the License, or (at your option) any later version.

GROMACS:      gmx mdrun, version 2018.8
Executable:   /usr/local/gromacs/bin/gmx
Data prefix:  /usr/local/gromacs
Working dir:  /mnt/c/Aparna/HP2X4_FINAL/10ps_membraneproteinruns/trial_newsolvation
Command line:
  gmx mdrun -membed membed.dat -s membed.tpr -v -c rP2X1_POPCmembed.pdb

GROMACS version:    2018.8
Precision:          single
Memory model:       64 bit
MPI library:        thread_mpi
OpenMP support:     enabled (GMX_OPENMP_MAX_THREADS = 64)
GPU support:        disabled
SIMD instructions:  NONE
FFT library:        fftw-3.3.8-sse2-avx
RDTSCP usage:       disabled
TNG support:        enabled
Hwloc support:      disabled
Tracing support:    disabled
Built on:           2021-05-10 14:36:41
Built by:           root@UK-2016600318 [CMAKE]
Build OS/arch:      Linux 4.4.0-18362-Microsoft x86_64
Build CPU vendor:   Unknown
Build CPU brand:    Unknown
Build CPU family:   0   Model: 0   Stepping: 0
Build CPU features: Unknown
C compiler:         /usr/bin/gcc GNU 9.3.0
C compiler flags:        -O3 -DNDEBUG -funroll-all-loops -fexcess-precision=fast  
C++ compiler:       /usr/bin/c++ GNU 9.3.0
C++ compiler flags:     -std=c++11   -O3 -DNDEBUG -funroll-all-loops -fexcess-precision=fast  


Running on 1 node with total 4 cores, 4 logical cores
Hardware detected:
  CPU info:
    Vendor: Intel
    Brand:  Intel(R) Core(TM) i3-6100 CPU @ 3.70GHz
    Family: 6   Model: 94   Stepping: 3
    Features: aes apic avx avx2 clfsh cmov cx8 cx16 f16c fma htt intel lahf mmx msr nonstop_tsc pcid pclmuldq pdcm pdpe1gb popcnt pse rdrnd rdtscp sse2 sse3 sse4.1 sse4.2 ssse3 tdt x2apic
  Hardware topology: Only logical processor count

Highest SIMD level requested by all nodes in run: AVX2_256
SIMD instructions selected at compile time:       None
This program was compiled for different hardware than you are running on,
which could influence performance.
The current CPU can measure timings more accurately than the code in
gmx mdrun was configured to use. This might affect your simulation
speed as accurate timings are needed for load-balancing.
Please consider rebuilding gmx mdrun with the GMX_USE_RDTSCP=ON CMake option.

++++ PLEASE READ AND CITE THE FOLLOWING REFERENCE ++++
M. J. Abraham, T. Murtola, R. Schulz, S. Páll, J. C. Smith, B. Hess, E.
Lindahl
GROMACS: High performance molecular simulations through multi-level
parallelism from laptops to supercomputers
SoftwareX 1 (2015) pp. 19-25
-------- -------- --- Thank You --- -------- --------


++++ PLEASE READ AND CITE THE FOLLOWING REFERENCE ++++
S. Páll, M. J. Abraham, C. Kutzner, B. Hess, E. Lindahl
Tackling Exascale Software Challenges in Molecular Dynamics Simulations with
GROMACS
In S. Markidis & E. Laure (Eds.), Solving Software Challenges for Exascale 8759 (2015) pp. 3-27
-------- -------- --- Thank You --- -------- --------


++++ PLEASE READ AND CITE THE FOLLOWING REFERENCE ++++
S. Pronk, S. Páll, R. Schulz, P. Larsson, P. Bjelkmar, R. Apostolov, M. R.
Shirts, J. C. Smith, P. M. Kasson, D. van der Spoel, B. Hess, and E. Lindahl
GROMACS 4.5: a high-throughput and highly parallel open source molecular
simulation toolkit
Bioinformatics 29 (2013) pp. 845-54
-------- -------- --- Thank You --- -------- --------


++++ PLEASE READ AND CITE THE FOLLOWING REFERENCE ++++
B. Hess and C. Kutzner and D. van der Spoel and E. Lindahl
GROMACS 4: Algorithms for highly efficient, load-balanced, and scalable
molecular simulation
J. Chem. Theory Comput. 4 (2008) pp. 435-447
-------- -------- --- Thank You --- -------- --------


++++ PLEASE READ AND CITE THE FOLLOWING REFERENCE ++++
D. van der Spoel, E. Lindahl, B. Hess, G. Groenhof, A. E. Mark and H. J. C.
Berendsen
GROMACS: Fast, Flexible and Free
J. Comp. Chem. 26 (2005) pp. 1701-1719
-------- -------- --- Thank You --- -------- --------


++++ PLEASE READ AND CITE THE FOLLOWING REFERENCE ++++
E. Lindahl and B. Hess and D. van der Spoel
GROMACS 3.0: A package for molecular simulation and trajectory analysis
J. Mol. Mod. 7 (2001) pp. 306-317
-------- -------- --- Thank You --- -------- --------


++++ PLEASE READ AND CITE THE FOLLOWING REFERENCE ++++
H. J. C. Berendsen, D. van der Spoel and R. van Drunen
GROMACS: A message-passing parallel molecular dynamics implementation
Comp. Phys. Comm. 91 (1995) pp. 43-56
-------- -------- --- Thank You --- -------- --------


Multiple energy groups is not implemented for GPUs, falling back to the CPU. For better performance, run on the GPU without energy groups and then do gmx mdrun -rerun option on the trajectory with an energy group .tpr file.

Membrane embedding only supports a single rank. Choosing to use only a single thread-MPI rank.
Input Parameters:
   integrator                     = md
   tinit                          = 0
   dt                             = 0.002
   nsteps                         = 1000
   init-step                      = 0
   simulation-part                = 1
   comm-mode                      = Linear
   nstcomm                        = 100
   bd-fric                        = 0
   ld-seed                        = -259266562
   emtol                          = 10
   emstep                         = 0.01
   niter                          = 20
   fcstep                         = 0
   nstcgsteep                     = 1000
   nbfgscorr                      = 10
   rtpi                           = 0.05
   nstxout                        = 100000
   nstvout                        = 100000
   nstfout                        = 100000
   nstlog                         = 100000
   nstcalcenergy                  = 50
   nstenergy                      = 50
   nstxout-compressed             = 0
   compressed-x-precision         = 1000
   cutoff-scheme                  = Group
   nstlist                        = 10
   ns-type                        = Grid
   pbc                            = xyz
   periodic-molecules             = false
   verlet-buffer-tolerance        = 0.005
   rlist                          = 1.2
   coulombtype                    = PME
   coulomb-modifier               = None
   rcoulomb-switch                = 0
   rcoulomb                       = 1.2
   epsilon-r                      = 1
   epsilon-rf                     = inf
   vdw-type                       = Cut-off
   vdw-modifier                   = None
   rvdw-switch                    = 1
   rvdw                           = 1.2
   DispCorr                       = No
   table-extension                = 1
   fourierspacing                 = 0.12
   fourier-nx                     = 160
   fourier-ny                     = 160
   fourier-nz                     = 144
   pme-order                      = 4
   ewald-rtol                     = 1e-05
   ewald-rtol-lj                  = 0.001
   lj-pme-comb-rule               = Geometric
   ewald-geometry                 = 0
   epsilon-surface                = 0
   implicit-solvent               = No
   gb-algorithm                   = Still
   nstgbradii                     = 1
   rgbradii                       = 1
   gb-epsilon-solvent             = 80
   gb-saltconc                    = 0
   gb-obc-alpha                   = 1
   gb-obc-beta                    = 0.8
   gb-obc-gamma                   = 4.85
   gb-dielectric-offset           = 0.009
   sa-algorithm                   = Ace-approximation
   sa-surface-tension             = 2.05016
   tcoupl                         = V-rescale
   nsttcouple                     = 10
   nh-chain-length                = 0
   print-nose-hoover-chain-variables = false
   pcoupl                         = Berendsen
   pcoupltype                     = Semiisotropic
   nstpcouple                     = 10
   tau-p                          = 1
   compressibility (3x3):
      compressibility[    0]={ 5.30000e-05,  0.00000e+00,  0.00000e+00}
      compressibility[    1]={ 0.00000e+00,  5.30000e-05,  0.00000e+00}
      compressibility[    2]={ 0.00000e+00,  0.00000e+00,  5.30000e-05}
   ref-p (3x3):
      ref-p[    0]={ 1.00000e+00,  0.00000e+00,  0.00000e+00}
      ref-p[    1]={ 0.00000e+00,  1.00000e+00,  0.00000e+00}
      ref-p[    2]={ 0.00000e+00,  0.00000e+00,  1.00000e+00}
   refcoord-scaling               = No
   posres-com (3):
      posres-com[0]= 0.00000e+00
      posres-com[1]= 0.00000e+00
      posres-com[2]= 0.00000e+00
   posres-comB (3):
      posres-comB[0]= 0.00000e+00
      posres-comB[1]= 0.00000e+00
      posres-comB[2]= 0.00000e+00
   QMMM                           = false
   QMconstraints                  = 0
   QMMMscheme                     = 0
   MMChargeScaleFactor            = 1
qm-opts:
   ngQM                           = 0
   constraint-algorithm           = Lincs
   continuation                   = false
   Shake-SOR                      = false
   shake-tol                      = 0.0001
   lincs-order                    = 4
   lincs-iter                     = 1
   lincs-warnangle                = 30
   nwall                          = 0
   wall-type                      = 9-3
   wall-r-linpot                  = -1
   wall-atomtype[0]               = -1
   wall-atomtype[1]               = -1
   wall-density[0]                = 0
   wall-density[1]                = 0
   wall-ewald-zfac                = 3
   pull                           = false
   awh                            = false
   rotation                       = false
   interactiveMD                  = false
   disre                          = No
   disre-weighting                = Conservative
   disre-mixed                    = false
   dr-fc                          = 1000
   dr-tau                         = 0
   nstdisreout                    = 100
   orire-fc                       = 0
   orire-tau                      = 0
   nstorireout                    = 100
   free-energy                    = no
   cos-acceleration               = 0
   deform (3x3):
      deform[    0]={ 0.00000e+00,  0.00000e+00,  0.00000e+00}
      deform[    1]={ 0.00000e+00,  0.00000e+00,  0.00000e+00}
      deform[    2]={ 0.00000e+00,  0.00000e+00,  0.00000e+00}
   simulated-tempering            = false
   swapcoords                     = no
   userint1                       = 0
   userint2                       = 0
   userint3                       = 0
   userint4                       = 0
   userreal1                      = 0
   userreal2                      = 0
   userreal3                      = 0
   userreal4                      = 0
   applied-forces:
     electric-field:
       x:
         E0                       = 0
         omega                    = 0
         t0                       = 0
         sigma                    = 0
       y:
         E0                       = 0
         omega                    = 0
         t0                       = 0
         sigma                    = 0
       z:
         E0                       = 0
         omega                    = 0
         t0                       = 0
         sigma                    = 0
grpopts:
   nrdf:           0      250436
   ref-t:         310         310
   tau-t:         0.1         0.1
annealing:          No          No
annealing-npoints:           0           0
   acc:	           0           0           0
   nfreeze:           Y           Y           Y           N           N           N
   energygrp-flags[  0]: 1 0
   energygrp-flags[  1]: 0 0


Using 1 MPI thread

Pinning threads with an auto-selected logical core stride of 4
rm mol 925
rm mol 671
rm mol 379
rm mol 206
rm mol 547
rm mol 478
rm mol 337
rm mol 699
rm mol 357
rm mol 265
rm mol 803
rm mol 604
rm mol 104
rm mol 352
rm mol 122
rm mol 5
rm mol 279
rm mol 152
rm mol 480
rm mol 467
rm mol 405
rm mol 389
rm mol 125
rm mol 330
rm mol 109
rm mol 348
rm mol 18
rm mol 202
rm mol 388
rm mol 158
rm mol 162
rm mol 635
rm mol 697
rm mol 115
rm mol 717
rm mol 169
rm mol 338
rm mol 79

NOTE: This file uses the deprecated 'group' cutoff_scheme. This will be
removed in a future release when 'verlet' supports all interaction forms.

System total charge: 18.000
Will do PME sum in reciprocal space for electrostatic interactions.

++++ PLEASE READ AND CITE THE FOLLOWING REFERENCE ++++
U. Essmann, L. Perera, M. L. Berkowitz, T. Darden, H. Lee and L. G. Pedersen 
A smooth particle mesh Ewald method
J. Chem. Phys. 103 (1995) pp. 8577-8592
-------- -------- --- Thank You --- -------- --------

Using a Gaussian width (1/beta) of 0.384195 nm for Ewald
Potential shift: LJ r^-12: 0.000e+00 r^-6: 0.000e+00, Ewald -0.000e+00
Initialized non-bonded Ewald correction tables, spacing: 1.02e-03 size: 2154

Table routines are used for coulomb: false
Table routines are used for vdw:     false
Cut-off's:   NS: 1.2   Coulomb: 1.2   LJ: 1.2
Generated table with 1100 data points for 1-4 COUL.
Tabscale = 500 points/nm
Generated table with 1100 data points for 1-4 LJ6.
Tabscale = 500 points/nm
Generated table with 1100 data points for 1-4 LJ12.
Tabscale = 500 points/nm

Removing pbc first time

Initializing LINear Constraint Solver

++++ PLEASE READ AND CITE THE FOLLOWING REFERENCE ++++
B. Hess and H. Bekker and H. J. C. Berendsen and J. G. E. M. Fraaije
LINCS: A Linear Constraint Solver for molecular simulations
J. Comp. Chem. 18 (1997) pp. 1463-1472
-------- -------- --- Thank You --- -------- --------

The number of constraints is 118769
Intra-simulation communication will occur every 10 steps.
Center of mass motion removal mode is Linear
We have the following groups for center of mass motion removal:
  0:  rest

++++ PLEASE READ AND CITE THE FOLLOWING REFERENCE ++++
G. Bussi, D. Donadio and M. Parrinello
Canonical sampling through velocity rescaling
J. Chem. Phys. 126 (2007) pp. 014101
-------- -------- --- Thank You --- -------- --------

There are: 135204 Atoms

Constraining the starting coordinates (step 0)

Constraining the coordinates at t0-dt (step 0)
RMS relative constraint deviation after constraining: 3.05e-06
Initial temperature: 0.00427087 K

Started mdrun on rank 0 Tue Jun 15 14:18:35 2021
           Step           Time
              0        0.00000


Grid: 24 x 24 x 24 cells
   Energies (kJ/mol)
            U-B    Proper Dih.  Improper Dih.          LJ-14     Coulomb-14
    3.09491e+05    2.03101e+05    2.19363e+03    3.04984e+04   -4.22720e+05
        LJ (SR)   Coulomb (SR)   Coul. recip.      Potential    Kinetic En.
   -1.88375e+05    1.00245e+05   -1.48272e+04    1.96064e+04    2.13458e+04
   Total Energy  Conserved En.    Temperature Pressure (bar)   Constr. rmsd
    4.09522e+04    4.16005e+04    2.05027e+01   -1.20745e+03    6.07007e-06

           Step           Time
           1000        2.00000

Writing checkpoint, step 1000 at Tue Jun 15 14:34:51 2021


   Energies (kJ/mol)
            U-B    Proper Dih.  Improper Dih.          LJ-14     Coulomb-14
    2.87106e+05    2.17158e+05    2.39497e+03    3.50814e+04   -4.28385e+05
        LJ (SR)   Coulomb (SR)   Coul. recip.      Potential    Kinetic En.
   -1.91462e+05    4.49456e+04   -5.42954e+04   -8.74567e+04    3.24644e+05
   Total Energy  Conserved En.    Temperature Pressure (bar)   Constr. rmsd
    2.37188e+05    7.30065e+04    3.11822e+02    1.81009e+00    8.45620e-06

	<======  ###############  ==>
	<====  A V E R A G E S  ====>
	<==  ###############  ======>

	Statistics over 1001 steps using 21 frames

   Energies (kJ/mol)
            U-B    Proper Dih.  Improper Dih.          LJ-14     Coulomb-14
    2.87342e+05    2.09591e+05    2.11665e+03    3.38365e+04   -4.27250e+05
        LJ (SR)   Coulomb (SR)   Coul. recip.      Potential    Kinetic En.
   -1.88386e+05    5.81994e+04   -5.39490e+04   -7.84988e+04    3.04855e+05
   Total Energy  Conserved En.    Temperature Pressure (bar)   Constr. rmsd
    2.26356e+05    5.71390e+04    2.92815e+02   -1.30285e+02    0.00000e+00

          Box-X          Box-Y          Box-Z
    1.72821e+01    1.72821e+01    1.71973e+01

   Total Virial (kJ/mol)
    1.16111e+05   -2.50606e+02    1.48213e+03
   -2.50675e+02    1.19434e+05    1.46616e+03
    1.48210e+03    1.46604e+03    1.30103e+05

   Pressure (bar)
   -1.06873e+02    1.20481e+00   -1.15975e+01
    1.20526e+00   -1.27575e+02   -8.25607e+00
   -1.15973e+01   -8.25530e+00   -1.56406e+02

  Epot (kJ/mol)        Coul-SR          LJ-SR        Coul-14          LJ-14   
Protein-Protein    0.00000e+00    0.00000e+00    0.00000e+00    0.00000e+00
   Protein-rest   -9.01606e+02   -8.22573e+02    0.00000e+00    0.00000e+00
      rest-rest    5.91010e+04   -1.87563e+05   -4.27250e+05    3.38365e+04

      T-Protein         T-POPC
    0.00000e+00    2.92815e+02


	M E G A - F L O P S   A C C O U N T I N G

 NB=Group-cutoff nonbonded kernels    NxN=N-by-N cluster Verlet kernels
 RF=Reaction-Field  VdW=Van der Waals  QSTab=quadratic-spline table
 W3=SPC/TIP3p  W4=TIP4p (single or pairs)
 V&F=Potential and force  V=Potential only  F=Force only

 Computing:                               M-Number         M-Flops  % Flops
-----------------------------------------------------------------------------
 NB VdW [V&F]                             2.036861           2.037     0.0
 NB VdW [F]                              80.410137          80.410     0.0
 NB VdW & Elec. [V&F]                 41763.663477       41763.663     1.2
 NB VdW & Elec. [F]                 1508396.693133     1508396.693    44.9
 1,4 nonbonded interactions             318.225908       28640.332     0.9
 Calc Weights                           406.017612       14616.634     0.4
 Spread Q Bspline                      8661.709056       17323.418     0.5
 Gather F Bspline                      8661.709056       51970.254     1.5
 3D-FFT                              160989.470642     1287915.765    38.3
 Solve PME                               25.625600        1640.038     0.0
 NS-Pairs                             12156.106763      255278.242     7.6
 Reset In Box                            13.655604          40.967     0.0
 Shift-X                                239.563324        1437.380     0.0
 CG-CoM                                  13.655604          40.967     0.0
 Propers                                386.161776       88431.047     2.6
 Impropers                                1.787786         371.859     0.0
 Virial                                  13.660149         245.883     0.0
 Stop-CM                                  1.622448          16.224     0.0
 P-Coupling                              13.655604          81.934     0.0
 Calc-Ekin                               27.311208         737.403     0.0
 Lincs                                  119.125307        7147.518     0.2
 Lincs-Mat                             2751.525888       11006.104     0.3
 Constraint-V                           238.013076        1904.105     0.1
 Constraint-Vir                          11.995669         287.896     0.0
 Urey-Bradley                           228.836608       41877.099     1.2
-----------------------------------------------------------------------------
 Total                                                 3361253.872   100.0
-----------------------------------------------------------------------------


     R E A L   C Y C L E   A N D   T I M E   A C C O U N T I N G

On 1 MPI rank

 Computing:          Num   Num      Call    Wall time         Giga-Cycles
                     Ranks Threads  Count      (s)         total sum    %
-----------------------------------------------------------------------------
 Neighbor search        1    1        101      81.555        301.429   8.3
 Force                  1    1       1001     815.414       3013.800  83.5
 PME mesh               1    1       1001      69.747        257.789   7.1
 Write traj.            1    1          2       0.753          2.783   0.1
 Update                 1    1       1001       1.191          4.402   0.1
 Constraints            1    1       1001       7.797         28.817   0.8
 Rest                                           0.496          1.831   0.1
-----------------------------------------------------------------------------
 Total                                        976.952       3610.851 100.0
-----------------------------------------------------------------------------
 Breakdown of PME mesh computation
-----------------------------------------------------------------------------
 PME spread             1    1       1001      17.445         64.477   1.8
 PME gather             1    1       1001      15.602         57.664   1.6
 PME 3D-FFT             1    1       2002      26.899         99.419   2.8
 PME solve Elec         1    1       1001       9.794         36.198   1.0
-----------------------------------------------------------------------------

               Core t (s)   Wall t (s)        (%)
       Time:      976.952      976.952      100.0
                 (ns/day)    (hour/ns)
Performance:        0.177      135.552
Finished mdrun on rank 0 Tue Jun 15 14:34:52 2021
