Log file opened on Wed Jun 23 21:52:44 2021
Host: UK-2016600318  pid: 161  rank ID: 0  number of ranks:  1
                      :-) GROMACS - gmx mdrun, 2018.8 (-:

                            GROMACS is written by:
     Emile Apol      Rossen Apostolov      Paul Bauer     Herman J.C. Berendsen
    Par Bjelkmar    Aldert van Buuren   Rudi van Drunen     Anton Feenstra  
  Gerrit Groenhof    Aleksei Iupinov   Christoph Junghans   Anca Hamuraru   
 Vincent Hindriksen Dimitrios Karkoulis    Peter Kasson        Jiri Kraus    
  Carsten Kutzner      Per Larsson      Justin A. Lemkul    Viveca Lindahl  
  Magnus Lundborg   Pieter Meulenhoff    Erik Marklund      Teemu Murtola   
    Szilard Pall       Sander Pronk      Roland Schulz     Alexey Shvetsov  
   Michael Shirts     Alfons Sijbers     Peter Tieleman    Teemu Virolainen 
 Christian Wennberg    Maarten Wolf   
                           and the project leaders:
        Mark Abraham, Berk Hess, Erik Lindahl, and David van der Spoel

Copyright (c) 1991-2000, University of Groningen, The Netherlands.
Copyright (c) 2001-2017, The GROMACS development team at
Uppsala University, Stockholm University and
the Royal Institute of Technology, Sweden.
check out http://www.gromacs.org for more information.

GROMACS is free software; you can redistribute it and/or modify it
under the terms of the GNU Lesser General Public License
as published by the Free Software Foundation; either version 2.1
of the License, or (at your option) any later version.

GROMACS:      gmx mdrun, version 2018.8
Executable:   /usr/local/gromacs/bin/gmx
Data prefix:  /usr/local/gromacs
Working dir:  /mnt/c/Aparna/HP2X4_FINAL/10ps_membraneproteinruns/4.NVT/4.1em_nvt
Command line:
  gmx mdrun -deffnm nvt -v

GROMACS version:    2018.8
Precision:          single
Memory model:       64 bit
MPI library:        thread_mpi
OpenMP support:     enabled (GMX_OPENMP_MAX_THREADS = 64)
GPU support:        disabled
SIMD instructions:  NONE
FFT library:        fftw-3.3.8-sse2-avx
RDTSCP usage:       disabled
TNG support:        enabled
Hwloc support:      disabled
Tracing support:    disabled
Built on:           2021-05-10 14:36:41
Built by:           root@UK-2016600318 [CMAKE]
Build OS/arch:      Linux 4.4.0-18362-Microsoft x86_64
Build CPU vendor:   Unknown
Build CPU brand:    Unknown
Build CPU family:   0   Model: 0   Stepping: 0
Build CPU features: Unknown
C compiler:         /usr/bin/gcc GNU 9.3.0
C compiler flags:        -O3 -DNDEBUG -funroll-all-loops -fexcess-precision=fast  
C++ compiler:       /usr/bin/c++ GNU 9.3.0
C++ compiler flags:     -std=c++11   -O3 -DNDEBUG -funroll-all-loops -fexcess-precision=fast  


Running on 1 node with total 4 cores, 4 logical cores
Hardware detected:
  CPU info:
    Vendor: Intel
    Brand:  Intel(R) Core(TM) i3-6100 CPU @ 3.70GHz
    Family: 6   Model: 94   Stepping: 3
    Features: aes apic avx avx2 clfsh cmov cx8 cx16 f16c fma htt intel lahf mmx msr nonstop_tsc pcid pclmuldq pdcm pdpe1gb popcnt pse rdrnd rdtscp sse2 sse3 sse4.1 sse4.2 ssse3 tdt x2apic
  Hardware topology: Only logical processor count

Highest SIMD level requested by all nodes in run: AVX2_256
SIMD instructions selected at compile time:       None
This program was compiled for different hardware than you are running on,
which could influence performance.
The current CPU can measure timings more accurately than the code in
gmx mdrun was configured to use. This might affect your simulation
speed as accurate timings are needed for load-balancing.
Please consider rebuilding gmx mdrun with the GMX_USE_RDTSCP=ON CMake option.

++++ PLEASE READ AND CITE THE FOLLOWING REFERENCE ++++
M. J. Abraham, T. Murtola, R. Schulz, S. Páll, J. C. Smith, B. Hess, E.
Lindahl
GROMACS: High performance molecular simulations through multi-level
parallelism from laptops to supercomputers
SoftwareX 1 (2015) pp. 19-25
-------- -------- --- Thank You --- -------- --------


++++ PLEASE READ AND CITE THE FOLLOWING REFERENCE ++++
S. Páll, M. J. Abraham, C. Kutzner, B. Hess, E. Lindahl
Tackling Exascale Software Challenges in Molecular Dynamics Simulations with
GROMACS
In S. Markidis & E. Laure (Eds.), Solving Software Challenges for Exascale 8759 (2015) pp. 3-27
-------- -------- --- Thank You --- -------- --------


++++ PLEASE READ AND CITE THE FOLLOWING REFERENCE ++++
S. Pronk, S. Páll, R. Schulz, P. Larsson, P. Bjelkmar, R. Apostolov, M. R.
Shirts, J. C. Smith, P. M. Kasson, D. van der Spoel, B. Hess, and E. Lindahl
GROMACS 4.5: a high-throughput and highly parallel open source molecular
simulation toolkit
Bioinformatics 29 (2013) pp. 845-54
-------- -------- --- Thank You --- -------- --------


++++ PLEASE READ AND CITE THE FOLLOWING REFERENCE ++++
B. Hess and C. Kutzner and D. van der Spoel and E. Lindahl
GROMACS 4: Algorithms for highly efficient, load-balanced, and scalable
molecular simulation
J. Chem. Theory Comput. 4 (2008) pp. 435-447
-------- -------- --- Thank You --- -------- --------


++++ PLEASE READ AND CITE THE FOLLOWING REFERENCE ++++
D. van der Spoel, E. Lindahl, B. Hess, G. Groenhof, A. E. Mark and H. J. C.
Berendsen
GROMACS: Fast, Flexible and Free
J. Comp. Chem. 26 (2005) pp. 1701-1719
-------- -------- --- Thank You --- -------- --------


++++ PLEASE READ AND CITE THE FOLLOWING REFERENCE ++++
E. Lindahl and B. Hess and D. van der Spoel
GROMACS 3.0: A package for molecular simulation and trajectory analysis
J. Mol. Mod. 7 (2001) pp. 306-317
-------- -------- --- Thank You --- -------- --------


++++ PLEASE READ AND CITE THE FOLLOWING REFERENCE ++++
H. J. C. Berendsen, D. van der Spoel and R. van Drunen
GROMACS: A message-passing parallel molecular dynamics implementation
Comp. Phys. Comm. 91 (1995) pp. 43-56
-------- -------- --- Thank You --- -------- --------

Input Parameters:
   integrator                     = md
   tinit                          = 0
   dt                             = 0.002
   nsteps                         = 5000
   init-step                      = 0
   simulation-part                = 1
   comm-mode                      = Linear
   nstcomm                        = 100
   bd-fric                        = 0
   ld-seed                        = -1176381855
   emtol                          = 10
   emstep                         = 0.01
   niter                          = 20
   fcstep                         = 0
   nstcgsteep                     = 1000
   nbfgscorr                      = 10
   rtpi                           = 0.05
   nstxout                        = 100
   nstvout                        = 100
   nstfout                        = 0
   nstlog                         = 100
   nstcalcenergy                  = 100
   nstenergy                      = 100
   nstxout-compressed             = 0
   compressed-x-precision         = 1000
   cutoff-scheme                  = Verlet
   nstlist                        = 5
   ns-type                        = Grid
   pbc                            = xyz
   periodic-molecules             = false
   verlet-buffer-tolerance        = 0.005
   rlist                          = 1.2
   coulombtype                    = PME
   coulomb-modifier               = Potential-shift
   rcoulomb-switch                = 0
   rcoulomb                       = 1.2
   epsilon-r                      = 1
   epsilon-rf                     = inf
   vdw-type                       = Cut-off
   vdw-modifier                   = Potential-shift
   rvdw-switch                    = 0
   rvdw                           = 1.2
   DispCorr                       = No
   table-extension                = 1
   fourierspacing                 = 0.16
   fourier-nx                     = 112
   fourier-ny                     = 112
   fourier-nz                     = 128
   pme-order                      = 4
   ewald-rtol                     = 1e-05
   ewald-rtol-lj                  = 0.001
   lj-pme-comb-rule               = Geometric
   ewald-geometry                 = 0
   epsilon-surface                = 0
   implicit-solvent               = No
   gb-algorithm                   = Still
   nstgbradii                     = 1
   rgbradii                       = 1
   gb-epsilon-solvent             = 80
   gb-saltconc                    = 0
   gb-obc-alpha                   = 1
   gb-obc-beta                    = 0.8
   gb-obc-gamma                   = 4.85
   gb-dielectric-offset           = 0.009
   sa-algorithm                   = Ace-approximation
   sa-surface-tension             = 2.05016
   tcoupl                         = V-rescale
   nsttcouple                     = 5
   nh-chain-length                = 0
   print-nose-hoover-chain-variables = false
   pcoupl                         = No
   pcoupltype                     = Isotropic
   nstpcouple                     = -1
   tau-p                          = 1
   compressibility (3x3):
      compressibility[    0]={ 0.00000e+00,  0.00000e+00,  0.00000e+00}
      compressibility[    1]={ 0.00000e+00,  0.00000e+00,  0.00000e+00}
      compressibility[    2]={ 0.00000e+00,  0.00000e+00,  0.00000e+00}
   ref-p (3x3):
      ref-p[    0]={ 0.00000e+00,  0.00000e+00,  0.00000e+00}
      ref-p[    1]={ 0.00000e+00,  0.00000e+00,  0.00000e+00}
      ref-p[    2]={ 0.00000e+00,  0.00000e+00,  0.00000e+00}
   refcoord-scaling               = No
   posres-com (3):
      posres-com[0]= 0.00000e+00
      posres-com[1]= 0.00000e+00
      posres-com[2]= 0.00000e+00
   posres-comB (3):
      posres-comB[0]= 0.00000e+00
      posres-comB[1]= 0.00000e+00
      posres-comB[2]= 0.00000e+00
   QMMM                           = false
   QMconstraints                  = 0
   QMMMscheme                     = 0
   MMChargeScaleFactor            = 1
qm-opts:
   ngQM                           = 0
   constraint-algorithm           = Lincs
   continuation                   = false
   Shake-SOR                      = false
   shake-tol                      = 0.0001
   lincs-order                    = 4
   lincs-iter                     = 1
   lincs-warnangle                = 30
   nwall                          = 0
   wall-type                      = 9-3
   wall-r-linpot                  = -1
   wall-atomtype[0]               = -1
   wall-atomtype[1]               = -1
   wall-density[0]                = 0
   wall-density[1]                = 0
   wall-ewald-zfac                = 3
   pull                           = false
   awh                            = false
   rotation                       = false
   interactiveMD                  = false
   disre                          = No
   disre-weighting                = Conservative
   disre-mixed                    = false
   dr-fc                          = 1000
   dr-tau                         = 0
   nstdisreout                    = 100
   orire-fc                       = 0
   orire-tau                      = 0
   nstorireout                    = 100
   free-energy                    = no
   cos-acceleration               = 0
   deform (3x3):
      deform[    0]={ 0.00000e+00,  0.00000e+00,  0.00000e+00}
      deform[    1]={ 0.00000e+00,  0.00000e+00,  0.00000e+00}
      deform[    2]={ 0.00000e+00,  0.00000e+00,  0.00000e+00}
   simulated-tempering            = false
   swapcoords                     = no
   userint1                       = 0
   userint2                       = 0
   userint3                       = 0
   userint4                       = 0
   userreal1                      = 0
   userreal2                      = 0
   userreal3                      = 0
   userreal4                      = 0
   applied-forces:
     electric-field:
       x:
         E0                       = 0
         omega                    = 0
         t0                       = 0
         sigma                    = 0
       y:
         E0                       = 0
         omega                    = 0
         t0                       = 0
         sigma                    = 0
       z:
         E0                       = 0
         omega                    = 0
         t0                       = 0
         sigma                    = 0
grpopts:
   nrdf:      271896      678240
   ref-t:         310         310
   tau-t:         0.1         0.1
annealing:          No          No
annealing-npoints:           0           0
   acc:	           0           0           0
   nfreeze:           N           N           N
   energygrp-flags[  0]: 0

Changing nstlist from 5 to 100, rlist from 1.2 to 1.311


Using 1 MPI thread
Using 4 OpenMP threads 

Pinning threads with an auto-selected logical core stride of 1
System total charge: 23.000
Will do PME sum in reciprocal space for electrostatic interactions.

++++ PLEASE READ AND CITE THE FOLLOWING REFERENCE ++++
U. Essmann, L. Perera, M. L. Berkowitz, T. Darden, H. Lee and L. G. Pedersen 
A smooth particle mesh Ewald method
J. Chem. Phys. 103 (1995) pp. 8577-8592
-------- -------- --- Thank You --- -------- --------

Using a Gaussian width (1/beta) of 0.384195 nm for Ewald
Potential shift: LJ r^-12: -1.122e-01 r^-6: -3.349e-01, Ewald -8.333e-06
Initialized non-bonded Ewald correction tables, spacing: 1.02e-03 size: 1176

Generated table with 1155 data points for 1-4 COUL.
Tabscale = 500 points/nm
Generated table with 1155 data points for 1-4 LJ6.
Tabscale = 500 points/nm
Generated table with 1155 data points for 1-4 LJ12.
Tabscale = 500 points/nm

Using plain C 4x4 nonbonded short-range kernels

WARNING: Using the slow plain C kernels. This should
not happen during routine usage on supported platforms.

Using a dual 4x4 pair-list setup updated with dynamic pruning:
  outer list: updated every 100 steps, buffer 0.111 nm, rlist 1.311 nm
  inner list: updated every  18 steps, buffer 0.002 nm, rlist 1.202 nm
At tolerance 0.005 kJ/mol/ps per atom, equivalent classical 1x1 list would be:
  outer list: updated every 100 steps, buffer 0.270 nm, rlist 1.470 nm
  inner list: updated every  18 steps, buffer 0.071 nm, rlist 1.271 nm

Using full Lennard-Jones parameter combination matrix

Removing pbc first time

Initializing LINear Constraint Solver

++++ PLEASE READ AND CITE THE FOLLOWING REFERENCE ++++
B. Hess and H. Bekker and H. J. C. Berendsen and J. G. E. M. Fraaije
LINCS: A Linear Constraint Solver for molecular simulations
J. Comp. Chem. 18 (1997) pp. 1463-1472
-------- -------- --- Thank You --- -------- --------

The number of constraints is 134919

++++ PLEASE READ AND CITE THE FOLLOWING REFERENCE ++++
S. Miyamoto and P. A. Kollman
SETTLE: An Analytical Version of the SHAKE and RATTLE Algorithms for Rigid
Water Models
J. Comp. Chem. 13 (1992) pp. 952-962
-------- -------- --- Thank You --- -------- --------


Intra-simulation communication will occur every 5 steps.
Center of mass motion removal mode is Linear
We have the following groups for center of mass motion removal:
  0:  Protein_POPC
  1:  Water_and_ions

++++ PLEASE READ AND CITE THE FOLLOWING REFERENCE ++++
G. Bussi, D. Donadio and M. Parrinello
Canonical sampling through velocity rescaling
J. Chem. Phys. 126 (2007) pp. 014101
-------- -------- --- Thank You --- -------- --------

There are: 474227 Atoms

Constraining the starting coordinates (step 0)

Constraining the coordinates at t0-dt (step 0)
RMS relative constraint deviation after constraining: 1.95e-05
Initial temperature: 310.076 K

Started mdrun on rank 0 Wed Jun 23 21:52:49 2021
           Step           Time
              0        0.00000

   Energies (kJ/mol)
            U-B    Proper Dih.  Improper Dih.      CMAP Dih.          LJ-14
    9.39212e+04    2.04294e+05    7.21050e+02   -1.64726e+03    3.25790e+04
     Coulomb-14        LJ (SR)   Coulomb (SR)   Coul. recip. Position Rest.
   -2.38656e+05    5.73517e+05   -7.16456e+06    1.77097e+04    1.74094e+01
      Potential    Kinetic En.   Total Energy  Conserved En.    Temperature
   -6.48210e+06    1.22511e+06   -5.25699e+06   -5.25699e+06    3.10159e+02
 Pressure (bar)   Constr. rmsd
   -3.09313e+03    3.10377e-05

           Step           Time
            100        0.20000

   Energies (kJ/mol)
            U-B    Proper Dih.  Improper Dih.      CMAP Dih.          LJ-14
    2.82994e+05    2.37282e+05    3.88997e+03   -1.14347e+03    4.76188e+04
     Coulomb-14        LJ (SR)   Coulomb (SR)   Coul. recip. Position Rest.
   -2.35741e+05    3.30214e+05   -6.13785e+06    2.25536e+04    3.35598e+03
      Potential    Kinetic En.   Total Energy  Conserved En.    Temperature
   -5.44683e+06    9.50527e+05   -4.49630e+06   -5.23953e+06    2.40644e+02
 Pressure (bar)   Constr. rmsd
   -4.52901e+02    1.32626e-05

           Step           Time
            200        0.40000

Writing checkpoint, step 200 at Wed Jun 23 22:08:58 2021


   Energies (kJ/mol)
            U-B    Proper Dih.  Improper Dih.      CMAP Dih.          LJ-14
    3.07465e+05    2.43540e+05    4.08928e+03   -1.16288e+03    4.90892e+04
     Coulomb-14        LJ (SR)   Coulomb (SR)   Coul. recip. Position Rest.
   -2.36128e+05    3.44521e+05   -6.00245e+06    2.41662e+04    3.76945e+03
      Potential    Kinetic En.   Total Energy  Conserved En.    Temperature
   -5.26310e+06    1.11240e+06   -4.15070e+06   -5.24029e+06    2.81624e+02
 Pressure (bar)   Constr. rmsd
    2.06021e+02    1.38732e-05

           Step           Time
            300        0.60000

   Energies (kJ/mol)
            U-B    Proper Dih.  Improper Dih.      CMAP Dih.          LJ-14
    3.15252e+05    2.44992e+05    4.32891e+03   -1.19073e+03    4.99012e+04
     Coulomb-14        LJ (SR)   Coulomb (SR)   Coul. recip. Position Rest.
   -2.36922e+05    3.25002e+05   -5.90283e+06    2.50676e+04    3.81247e+03
      Potential    Kinetic En.   Total Energy  Conserved En.    Temperature
   -5.17259e+06    1.16769e+06   -4.00489e+06   -5.24063e+06    2.95624e+02
 Pressure (bar)   Constr. rmsd
    1.98684e+02    1.44094e-05

           Step           Time
            400        0.80000

Writing checkpoint, step 400 at Wed Jun 23 22:24:10 2021


   Energies (kJ/mol)
            U-B    Proper Dih.  Improper Dih.      CMAP Dih.          LJ-14
    3.20870e+05    2.46129e+05    4.28408e+03   -1.16751e+03    5.00837e+04
     Coulomb-14        LJ (SR)   Coulomb (SR)   Coul. recip. Position Rest.
   -2.36969e+05    3.08863e+05   -5.83984e+06    2.53945e+04    3.62585e+03
      Potential    Kinetic En.   Total Energy  Conserved En.    Temperature
   -5.11873e+06    1.19211e+06   -3.92662e+06   -5.24060e+06    3.01805e+02
 Pressure (bar)   Constr. rmsd
    3.19549e+02    1.44354e-05

           Step           Time
            500        1.00000

   Energies (kJ/mol)
            U-B    Proper Dih.  Improper Dih.      CMAP Dih.          LJ-14
    3.23369e+05    2.47055e+05    4.28323e+03   -1.03841e+03    5.01272e+04
     Coulomb-14        LJ (SR)   Coulomb (SR)   Coul. recip. Position Rest.
   -2.36617e+05    2.98312e+05   -5.80233e+06    2.55178e+04    3.98774e+03
      Potential    Kinetic En.   Total Energy  Conserved En.    Temperature
   -5.08733e+06    1.20611e+06   -3.88122e+06   -5.24077e+06    3.05349e+02
 Pressure (bar)   Constr. rmsd
    2.83937e+02    1.44381e-05

           Step           Time
            600        1.20000

Writing checkpoint, step 600 at Wed Jun 23 22:39:12 2021


   Energies (kJ/mol)
            U-B    Proper Dih.  Improper Dih.      CMAP Dih.          LJ-14
    3.22832e+05    2.46602e+05    4.24771e+03   -1.10112e+03    5.01491e+04
     Coulomb-14        LJ (SR)   Coulomb (SR)   Coul. recip. Position Rest.
   -2.37055e+05    2.87690e+05   -5.77822e+06    2.56374e+04    4.16373e+03
      Potential    Kinetic En.   Total Energy  Conserved En.    Temperature
   -5.07506e+06    1.21620e+06   -3.85886e+06   -5.24097e+06    3.07903e+02
 Pressure (bar)   Constr. rmsd
    2.08655e+02    1.45505e-05

           Step           Time
            700        1.40000

   Energies (kJ/mol)
            U-B    Proper Dih.  Improper Dih.      CMAP Dih.          LJ-14
    3.24116e+05    2.46540e+05    4.34977e+03   -1.13936e+03    5.00944e+04
     Coulomb-14        LJ (SR)   Coulomb (SR)   Coul. recip. Position Rest.
   -2.36471e+05    2.82741e+05   -5.76351e+06    2.58717e+04    3.89112e+03
      Potential    Kinetic En.   Total Energy  Conserved En.    Temperature
   -5.06352e+06    1.21610e+06   -3.84742e+06   -5.24103e+06    3.07879e+02
 Pressure (bar)   Constr. rmsd
    1.60967e+02    1.41050e-05

           Step           Time
            800        1.60000

Writing checkpoint, step 800 at Wed Jun 23 22:54:51 2021


   Energies (kJ/mol)
            U-B    Proper Dih.  Improper Dih.      CMAP Dih.          LJ-14
    3.23588e+05    2.46971e+05    4.43738e+03   -1.11101e+03    4.99376e+04
     Coulomb-14        LJ (SR)   Coulomb (SR)   Coul. recip. Position Rest.
   -2.37728e+05    2.79798e+05   -5.75291e+06    2.55694e+04    4.03866e+03
      Potential    Kinetic En.   Total Energy  Conserved En.    Temperature
   -5.05741e+06    1.21750e+06   -3.83990e+06   -5.24118e+06    3.08234e+02
 Pressure (bar)   Constr. rmsd
    1.74080e+02    1.45384e-05

           Step           Time
            900        1.80000

   Energies (kJ/mol)
            U-B    Proper Dih.  Improper Dih.      CMAP Dih.          LJ-14
    3.22510e+05    2.45906e+05    4.51336e+03   -1.12859e+03    5.03393e+04
     Coulomb-14        LJ (SR)   Coulomb (SR)   Coul. recip. Position Rest.
   -2.36885e+05    2.80586e+05   -5.75086e+06    2.59451e+04    4.00916e+03
      Potential    Kinetic En.   Total Energy  Conserved En.    Temperature
   -5.05506e+06    1.21751e+06   -3.83755e+06   -5.24127e+06    3.08235e+02
 Pressure (bar)   Constr. rmsd
    1.33791e+02    1.41801e-05

           Step           Time
           1000        2.00000

Writing checkpoint, step 1000 at Wed Jun 23 23:10:51 2021


   Energies (kJ/mol)
            U-B    Proper Dih.  Improper Dih.      CMAP Dih.          LJ-14
    3.25484e+05    2.45910e+05    4.41726e+03   -1.04886e+03    4.99642e+04
     Coulomb-14        LJ (SR)   Coulomb (SR)   Coul. recip. Position Rest.
   -2.36593e+05    2.76601e+05   -5.74349e+06    2.59705e+04    4.07639e+03
      Potential    Kinetic En.   Total Energy  Conserved En.    Temperature
   -5.04870e+06    1.22037e+06   -3.82833e+06   -5.24138e+06    3.08961e+02
 Pressure (bar)   Constr. rmsd
   -4.26670e+01    1.43905e-05

           Step           Time
           1100        2.20000

   Energies (kJ/mol)
            U-B    Proper Dih.  Improper Dih.      CMAP Dih.          LJ-14
    3.25021e+05    2.46937e+05    4.44250e+03   -1.14193e+03    4.99702e+04
     Coulomb-14        LJ (SR)   Coulomb (SR)   Coul. recip. Position Rest.
   -2.36068e+05    2.73590e+05   -5.73824e+06    2.57398e+04    4.16787e+03
      Potential    Kinetic En.   Total Energy  Conserved En.    Temperature
   -5.04558e+06    1.22496e+06   -3.82062e+06   -5.24143e+06    3.10123e+02
 Pressure (bar)   Constr. rmsd
    9.66097e+00    1.45097e-05

           Step           Time
           1200        2.40000

Writing checkpoint, step 1200 at Wed Jun 23 23:26:46 2021


   Energies (kJ/mol)
            U-B    Proper Dih.  Improper Dih.      CMAP Dih.          LJ-14
    3.24600e+05    2.46613e+05    4.54940e+03   -1.04379e+03    5.00192e+04
     Coulomb-14        LJ (SR)   Coulomb (SR)   Coul. recip. Position Rest.
   -2.37447e+05    2.70980e+05   -5.73199e+06    2.58984e+04    4.26534e+03
      Potential    Kinetic En.   Total Energy  Conserved En.    Temperature
   -5.04355e+06    1.22303e+06   -3.82053e+06   -5.24163e+06    3.09632e+02
 Pressure (bar)   Constr. rmsd
    1.34291e+02    1.45221e-05

           Step           Time
           1300        2.60000

   Energies (kJ/mol)
            U-B    Proper Dih.  Improper Dih.      CMAP Dih.          LJ-14
    3.25208e+05    2.46087e+05    4.49555e+03   -1.05122e+03    5.01774e+04
     Coulomb-14        LJ (SR)   Coulomb (SR)   Coul. recip. Position Rest.
   -2.36617e+05    2.76965e+05   -5.73676e+06    2.58505e+04    4.00127e+03
      Potential    Kinetic En.   Total Energy  Conserved En.    Temperature
   -5.04164e+06    1.22662e+06   -3.81502e+06   -5.24166e+06    3.10541e+02
 Pressure (bar)   Constr. rmsd
    1.47890e+02    1.46885e-05

           Step           Time
           1400        2.80000

Writing checkpoint, step 1400 at Wed Jun 23 23:42:40 2021


   Energies (kJ/mol)
            U-B    Proper Dih.  Improper Dih.      CMAP Dih.          LJ-14
    3.23762e+05    2.46168e+05    4.26759e+03   -1.22435e+03    4.97828e+04
     Coulomb-14        LJ (SR)   Coulomb (SR)   Coul. recip. Position Rest.
   -2.37527e+05    2.74375e+05   -5.73972e+06    2.60526e+04    4.22343e+03
      Potential    Kinetic En.   Total Energy  Conserved En.    Temperature
   -5.04984e+06    1.21899e+06   -3.83085e+06   -5.24180e+06    3.08611e+02
 Pressure (bar)   Constr. rmsd
    9.19353e+01    1.44751e-05

           Step           Time
           1500        3.00000

   Energies (kJ/mol)
            U-B    Proper Dih.  Improper Dih.      CMAP Dih.          LJ-14
    3.26670e+05    2.46149e+05    4.50408e+03   -1.09584e+03    4.97470e+04
     Coulomb-14        LJ (SR)   Coulomb (SR)   Coul. recip. Position Rest.
   -2.38957e+05    2.75382e+05   -5.73486e+06    2.57597e+04    4.09043e+03
      Potential    Kinetic En.   Total Energy  Conserved En.    Temperature
   -5.04261e+06    1.22522e+06   -3.81739e+06   -5.24176e+06    3.10187e+02
 Pressure (bar)   Constr. rmsd
    3.70451e+01    1.46313e-05

           Step           Time
           1600        3.20000

Writing checkpoint, step 1600 at Wed Jun 23 23:58:28 2021


   Energies (kJ/mol)
            U-B    Proper Dih.  Improper Dih.      CMAP Dih.          LJ-14
    3.25207e+05    2.46223e+05    4.50249e+03   -1.06050e+03    5.00774e+04
     Coulomb-14        LJ (SR)   Coulomb (SR)   Coul. recip. Position Rest.
   -2.37560e+05    2.72140e+05   -5.73065e+06    2.59914e+04    3.97875e+03
      Potential    Kinetic En.   Total Energy  Conserved En.    Temperature
   -5.04115e+06    1.22205e+06   -3.81910e+06   -5.24189e+06    3.09385e+02
 Pressure (bar)   Constr. rmsd
   -5.03672e+00    1.43688e-05

           Step           Time
           1700        3.40000

   Energies (kJ/mol)
            U-B    Proper Dih.  Improper Dih.      CMAP Dih.          LJ-14
    3.24800e+05    2.46012e+05    4.61096e+03   -1.16180e+03    4.99023e+04
     Coulomb-14        LJ (SR)   Coulomb (SR)   Coul. recip. Position Rest.
   -2.36653e+05    2.73801e+05   -5.73141e+06    2.58979e+04    3.94338e+03
      Potential    Kinetic En.   Total Energy  Conserved En.    Temperature
   -5.04026e+06    1.22517e+06   -3.81509e+06   -5.24208e+06    3.10174e+02
 Pressure (bar)   Constr. rmsd
    1.39109e+02    1.46098e-05

           Step           Time
           1800        3.60000

Writing checkpoint, step 1800 at Thu Jun 24 00:14:19 2021


   Energies (kJ/mol)
            U-B    Proper Dih.  Improper Dih.      CMAP Dih.          LJ-14
    3.26304e+05    2.46396e+05    4.70278e+03   -1.05609e+03    4.96676e+04
     Coulomb-14        LJ (SR)   Coulomb (SR)   Coul. recip. Position Rest.
   -2.37583e+05    2.72609e+05   -5.72857e+06    2.61869e+04    4.04542e+03
      Potential    Kinetic En.   Total Energy  Conserved En.    Temperature
   -5.03730e+06    1.22259e+06   -3.81471e+06   -5.24193e+06    3.09522e+02
 Pressure (bar)   Constr. rmsd
   -7.25416e+01    1.44374e-05

           Step           Time
           1900        3.80000

   Energies (kJ/mol)
            U-B    Proper Dih.  Improper Dih.      CMAP Dih.          LJ-14
    3.26055e+05    2.46264e+05    4.54813e+03   -9.93017e+02    4.97191e+04
     Coulomb-14        LJ (SR)   Coulomb (SR)   Coul. recip. Position Rest.
   -2.38158e+05    2.75214e+05   -5.72929e+06    2.58176e+04    4.24545e+03
      Potential    Kinetic En.   Total Energy  Conserved En.    Temperature
   -5.03658e+06    1.22318e+06   -3.81340e+06   -5.24221e+06    3.09671e+02
 Pressure (bar)   Constr. rmsd
   -3.96865e+01    1.44560e-05

           Step           Time
           2000        4.00000

Writing checkpoint, step 2000 at Thu Jun 24 00:30:09 2021


   Energies (kJ/mol)
            U-B    Proper Dih.  Improper Dih.      CMAP Dih.          LJ-14
    3.25673e+05    2.45829e+05    4.62919e+03   -1.06296e+03    4.97383e+04
     Coulomb-14        LJ (SR)   Coulomb (SR)   Coul. recip. Position Rest.
   -2.37571e+05    2.75283e+05   -5.73208e+06    2.58211e+04    4.12644e+03
      Potential    Kinetic En.   Total Energy  Conserved En.    Temperature
   -5.03961e+06    1.22395e+06   -3.81566e+06   -5.24230e+06    3.09865e+02
 Pressure (bar)   Constr. rmsd
   -4.54252e+01    1.43495e-05

           Step           Time
           2100        4.20000

   Energies (kJ/mol)
            U-B    Proper Dih.  Improper Dih.      CMAP Dih.          LJ-14
    3.26790e+05    2.46070e+05    4.46591e+03   -1.14397e+03    4.99448e+04
     Coulomb-14        LJ (SR)   Coulomb (SR)   Coul. recip. Position Rest.
   -2.38351e+05    2.72154e+05   -5.72692e+06    2.59885e+04    4.03444e+03
      Potential    Kinetic En.   Total Energy  Conserved En.    Temperature
   -5.03697e+06    1.22470e+06   -3.81226e+06   -5.24231e+06    3.10057e+02
 Pressure (bar)   Constr. rmsd
    4.56330e+01    1.44804e-05

           Step           Time
           2200        4.40000

Writing checkpoint, step 2200 at Thu Jun 24 00:46:00 2021


   Energies (kJ/mol)
            U-B    Proper Dih.  Improper Dih.      CMAP Dih.          LJ-14
    3.27289e+05    2.46115e+05    4.38375e+03   -1.14974e+03    4.98579e+04
     Coulomb-14        LJ (SR)   Coulomb (SR)   Coul. recip. Position Rest.
   -2.37453e+05    2.74586e+05   -5.73018e+06    2.60908e+04    4.11794e+03
      Potential    Kinetic En.   Total Energy  Conserved En.    Temperature
   -5.03634e+06    1.22310e+06   -3.81324e+06   -5.24239e+06    3.09651e+02
 Pressure (bar)   Constr. rmsd
   -1.36566e+01    1.43448e-05

           Step           Time
           2300        4.60000

Writing checkpoint, step 2300 at Thu Jun 24 00:53:52 2021


   Energies (kJ/mol)
            U-B    Proper Dih.  Improper Dih.      CMAP Dih.          LJ-14
    3.25546e+05    2.45551e+05    4.55121e+03   -1.07348e+03    4.98004e+04
     Coulomb-14        LJ (SR)   Coulomb (SR)   Coul. recip. Position Rest.
   -2.37342e+05    2.73066e+05   -5.73064e+06    2.58941e+04    4.15783e+03
      Potential    Kinetic En.   Total Energy  Conserved En.    Temperature
   -5.04049e+06    1.22290e+06   -3.81758e+06   -5.24257e+06    3.09601e+02
 Pressure (bar)   Constr. rmsd
   -1.22479e+02    1.44499e-05

           Step           Time
           2400        4.80000

   Energies (kJ/mol)
            U-B    Proper Dih.  Improper Dih.      CMAP Dih.          LJ-14
    3.26756e+05    2.45867e+05    4.38325e+03   -1.12398e+03    4.94271e+04
     Coulomb-14        LJ (SR)   Coulomb (SR)   Coul. recip. Position Rest.
   -2.38374e+05    2.75475e+05   -5.73064e+06    2.59572e+04    4.00279e+03
      Potential    Kinetic En.   Total Energy  Conserved En.    Temperature
   -5.03827e+06    1.22303e+06   -3.81524e+06   -5.24256e+06    3.09633e+02
 Pressure (bar)   Constr. rmsd
   -9.87676e+01    1.44847e-05

           Step           Time
           2500        5.00000

Writing checkpoint, step 2500 at Thu Jun 24 01:09:41 2021


   Energies (kJ/mol)
            U-B    Proper Dih.  Improper Dih.      CMAP Dih.          LJ-14
    3.25167e+05    2.45576e+05    4.78124e+03   -1.14331e+03    5.00007e+04
     Coulomb-14        LJ (SR)   Coulomb (SR)   Coul. recip. Position Rest.
   -2.37311e+05    2.75033e+05   -5.72996e+06    2.58431e+04    4.08322e+03
      Potential    Kinetic En.   Total Energy  Conserved En.    Temperature
   -5.03793e+06    1.22226e+06   -3.81566e+06   -5.24267e+06    3.09439e+02
 Pressure (bar)   Constr. rmsd
   -2.40924e+02    1.45758e-05

           Step           Time
           2600        5.20000

   Energies (kJ/mol)
            U-B    Proper Dih.  Improper Dih.      CMAP Dih.          LJ-14
    3.25671e+05    2.45904e+05    4.55257e+03   -1.00149e+03    4.96281e+04
     Coulomb-14        LJ (SR)   Coulomb (SR)   Coul. recip. Position Rest.
   -2.38029e+05    2.74153e+05   -5.72654e+06    2.59168e+04    4.02859e+03
      Potential    Kinetic En.   Total Energy  Conserved En.    Temperature
   -5.03572e+06    1.22526e+06   -3.81045e+06   -5.24282e+06    3.10199e+02
 Pressure (bar)   Constr. rmsd
   -6.58573e+01    1.44544e-05

           Step           Time
           2700        5.40000

Writing checkpoint, step 2700 at Thu Jun 24 01:24:54 2021


   Energies (kJ/mol)
            U-B    Proper Dih.  Improper Dih.      CMAP Dih.          LJ-14
    3.27954e+05    2.46025e+05    4.54239e+03   -1.01664e+03    4.94927e+04
     Coulomb-14        LJ (SR)   Coulomb (SR)   Coul. recip. Position Rest.
   -2.37935e+05    2.73407e+05   -5.72340e+06    2.58888e+04    4.08541e+03
      Potential    Kinetic En.   Total Energy  Conserved En.    Temperature
   -5.03096e+06    1.22504e+06   -3.80592e+06   -5.24273e+06    3.10141e+02
 Pressure (bar)   Constr. rmsd
   -4.82386e+01    1.45074e-05

           Step           Time
           2800        5.60000

   Energies (kJ/mol)
            U-B    Proper Dih.  Improper Dih.      CMAP Dih.          LJ-14
    3.27717e+05    2.45696e+05    4.53659e+03   -1.11369e+03    4.95523e+04
     Coulomb-14        LJ (SR)   Coulomb (SR)   Coul. recip. Position Rest.
   -2.37169e+05    2.75566e+05   -5.72674e+06    2.59567e+04    3.91806e+03
      Potential    Kinetic En.   Total Energy  Conserved En.    Temperature
   -5.03208e+06    1.22536e+06   -3.80672e+06   -5.24288e+06    3.10222e+02
 Pressure (bar)   Constr. rmsd
   -1.22935e+02    1.46325e-05

           Step           Time
           2900        5.80000

Writing checkpoint, step 2900 at Thu Jun 24 01:40:36 2021


   Energies (kJ/mol)
            U-B    Proper Dih.  Improper Dih.      CMAP Dih.          LJ-14
    3.27015e+05    2.45496e+05    4.43932e+03   -9.86182e+02    4.94602e+04
     Coulomb-14        LJ (SR)   Coulomb (SR)   Coul. recip. Position Rest.
   -2.37407e+05    2.74028e+05   -5.72438e+06    2.59367e+04    4.20534e+03
      Potential    Kinetic En.   Total Energy  Conserved En.    Temperature
   -5.03220e+06    1.22474e+06   -3.80746e+06   -5.24295e+06    3.10065e+02
 Pressure (bar)   Constr. rmsd
   -2.66470e+02    1.48028e-05

           Step           Time
           3000        6.00000

   Energies (kJ/mol)
            U-B    Proper Dih.  Improper Dih.      CMAP Dih.          LJ-14
    3.26222e+05    2.45342e+05    4.65881e+03   -9.93854e+02    4.97891e+04
     Coulomb-14        LJ (SR)   Coulomb (SR)   Coul. recip. Position Rest.
   -2.37785e+05    2.74338e+05   -5.72280e+06    2.58049e+04    3.92758e+03
      Potential    Kinetic En.   Total Energy  Conserved En.    Temperature
   -5.03150e+06    1.22271e+06   -3.80878e+06   -5.24303e+06    3.09553e+02
 Pressure (bar)   Constr. rmsd
   -1.24450e+02    1.40727e-05

           Step           Time
           3100        6.20000

Writing checkpoint, step 3100 at Thu Jun 24 01:55:54 2021


   Energies (kJ/mol)
            U-B    Proper Dih.  Improper Dih.      CMAP Dih.          LJ-14
    3.25977e+05    2.45328e+05    4.43297e+03   -9.87554e+02    4.96001e+04
     Coulomb-14        LJ (SR)   Coulomb (SR)   Coul. recip. Position Rest.
   -2.38129e+05    2.70751e+05   -5.72042e+06    2.56214e+04    3.93013e+03
      Potential    Kinetic En.   Total Energy  Conserved En.    Temperature
   -5.03389e+06    1.22473e+06   -3.80917e+06   -5.24317e+06    3.10062e+02
 Pressure (bar)   Constr. rmsd
   -1.71013e+02    1.47004e-05

           Step           Time
           3200        6.40000

   Energies (kJ/mol)
            U-B    Proper Dih.  Improper Dih.      CMAP Dih.          LJ-14
    3.26097e+05    2.44996e+05    4.40754e+03   -1.04353e+03    4.96106e+04
     Coulomb-14        LJ (SR)   Coulomb (SR)   Coul. recip. Position Rest.
   -2.37412e+05    2.78526e+05   -5.72817e+06    2.58726e+04    4.04491e+03
      Potential    Kinetic En.   Total Energy  Conserved En.    Temperature
   -5.03307e+06    1.22352e+06   -3.80955e+06   -5.24331e+06    3.09757e+02
 Pressure (bar)   Constr. rmsd
   -3.70408e+01    1.48321e-05

           Step           Time
           3300        6.60000

Writing checkpoint, step 3300 at Thu Jun 24 02:10:50 2021


   Energies (kJ/mol)
            U-B    Proper Dih.  Improper Dih.      CMAP Dih.          LJ-14
    3.26471e+05    2.45484e+05    4.67428e+03   -1.03079e+03    4.93053e+04
     Coulomb-14        LJ (SR)   Coulomb (SR)   Coul. recip. Position Rest.
   -2.38222e+05    2.71298e+05   -5.71703e+06    2.55892e+04    3.99958e+03
      Potential    Kinetic En.   Total Energy  Conserved En.    Temperature
   -5.02946e+06    1.22143e+06   -3.80803e+06   -5.24330e+06    3.09228e+02
 Pressure (bar)   Constr. rmsd
   -1.37453e+02    1.43364e-05

           Step           Time
           3400        6.80000

   Energies (kJ/mol)
            U-B    Proper Dih.  Improper Dih.      CMAP Dih.          LJ-14
    3.26730e+05    2.45533e+05    4.56616e+03   -1.09786e+03    5.00217e+04
     Coulomb-14        LJ (SR)   Coulomb (SR)   Coul. recip. Position Rest.
   -2.37900e+05    2.72960e+05   -5.71742e+06    2.58358e+04    3.96187e+03
      Potential    Kinetic En.   Total Energy  Conserved En.    Temperature
   -5.02681e+06    1.22067e+06   -3.80614e+06   -5.24339e+06    3.09035e+02
 Pressure (bar)   Constr. rmsd
   -2.34247e+02    1.44440e-05

           Step           Time
           3500        7.00000

Writing checkpoint, step 3500 at Thu Jun 24 02:25:33 2021


   Energies (kJ/mol)
            U-B    Proper Dih.  Improper Dih.      CMAP Dih.          LJ-14
    3.27744e+05    2.45580e+05    4.43946e+03   -1.01361e+03    4.96036e+04
     Coulomb-14        LJ (SR)   Coulomb (SR)   Coul. recip. Position Rest.
   -2.38418e+05    2.71772e+05   -5.71574e+06    2.58262e+04    4.07248e+03
      Potential    Kinetic En.   Total Energy  Conserved En.    Temperature
   -5.02614e+06    1.22196e+06   -3.80417e+06   -5.24339e+06    3.09362e+02
 Pressure (bar)   Constr. rmsd
   -2.31800e+02    1.43678e-05

           Step           Time
           3600        7.20000

   Energies (kJ/mol)
            U-B    Proper Dih.  Improper Dih.      CMAP Dih.          LJ-14
    3.26432e+05    2.45478e+05    4.42970e+03   -1.10947e+03    4.95540e+04
     Coulomb-14        LJ (SR)   Coulomb (SR)   Coul. recip. Position Rest.
   -2.38607e+05    2.70696e+05   -5.71630e+06    2.57563e+04    3.85835e+03
      Potential    Kinetic En.   Total Energy  Conserved En.    Temperature
   -5.02982e+06    1.22185e+06   -3.80797e+06   -5.24359e+06    3.09334e+02
 Pressure (bar)   Constr. rmsd
   -1.70901e+02    1.43523e-05

           Step           Time
           3700        7.40000

Writing checkpoint, step 3700 at Thu Jun 24 02:40:20 2021


   Energies (kJ/mol)
            U-B    Proper Dih.  Improper Dih.      CMAP Dih.          LJ-14
    3.25302e+05    2.45481e+05    4.66191e+03   -1.09583e+03    4.97434e+04
     Coulomb-14        LJ (SR)   Coulomb (SR)   Coul. recip. Position Rest.
   -2.38101e+05    2.73132e+05   -5.71572e+06    2.57123e+04    3.99601e+03
      Potential    Kinetic En.   Total Energy  Conserved En.    Temperature
   -5.02689e+06    1.22026e+06   -3.80663e+06   -5.24366e+06    3.08933e+02
 Pressure (bar)   Constr. rmsd
   -8.91661e+01    1.45081e-05

           Step           Time
           3800        7.60000

   Energies (kJ/mol)
            U-B    Proper Dih.  Improper Dih.      CMAP Dih.          LJ-14
    3.25920e+05    2.45555e+05    4.61806e+03   -1.17934e+03    4.96372e+04
     Coulomb-14        LJ (SR)   Coulomb (SR)   Coul. recip. Position Rest.
   -2.38728e+05    2.69902e+05   -5.71749e+06    2.59780e+04    4.10139e+03
      Potential    Kinetic En.   Total Energy  Conserved En.    Temperature
   -5.03169e+06    1.22475e+06   -3.80694e+06   -5.24371e+06    3.10069e+02
 Pressure (bar)   Constr. rmsd
   -1.11059e+02    1.43887e-05

           Step           Time
           3900        7.80000

Writing checkpoint, step 3900 at Thu Jun 24 02:55:11 2021


   Energies (kJ/mol)
            U-B    Proper Dih.  Improper Dih.      CMAP Dih.          LJ-14
    3.27159e+05    2.45415e+05    4.52966e+03   -1.13231e+03    4.97813e+04
     Coulomb-14        LJ (SR)   Coulomb (SR)   Coul. recip. Position Rest.
   -2.38606e+05    2.70551e+05   -5.71307e+06    2.57954e+04    3.90290e+03
      Potential    Kinetic En.   Total Energy  Conserved En.    Temperature
   -5.02568e+06    1.22496e+06   -3.80072e+06   -5.24380e+06    3.10121e+02
 Pressure (bar)   Constr. rmsd
   -2.59918e+02    1.44971e-05

           Step           Time
           4000        8.00000

   Energies (kJ/mol)
            U-B    Proper Dih.  Improper Dih.      CMAP Dih.          LJ-14
    3.26524e+05    2.46089e+05    4.67210e+03   -1.04381e+03    4.98483e+04
     Coulomb-14        LJ (SR)   Coulomb (SR)   Coul. recip. Position Rest.
   -2.38591e+05    2.73250e+05   -5.71519e+06    2.56717e+04    3.92515e+03
      Potential    Kinetic En.   Total Energy  Conserved En.    Temperature
   -5.02484e+06    1.22562e+06   -3.79922e+06   -5.24389e+06    3.10289e+02
 Pressure (bar)   Constr. rmsd
   -2.96309e+02    1.46860e-05

           Step           Time
           4100        8.20000

Writing checkpoint, step 4100 at Thu Jun 24 03:09:57 2021


   Energies (kJ/mol)
            U-B    Proper Dih.  Improper Dih.      CMAP Dih.          LJ-14
    3.25889e+05    2.45270e+05    4.47471e+03   -1.20951e+03    4.98393e+04
     Coulomb-14        LJ (SR)   Coulomb (SR)   Coul. recip. Position Rest.
   -2.38211e+05    2.75216e+05   -5.71690e+06    2.60147e+04    3.76350e+03
      Potential    Kinetic En.   Total Energy  Conserved En.    Temperature
   -5.02586e+06    1.22416e+06   -3.80169e+06   -5.24401e+06    3.09920e+02
 Pressure (bar)   Constr. rmsd
   -1.66496e+01    1.46360e-05

           Step           Time
           4200        8.40000

   Energies (kJ/mol)
            U-B    Proper Dih.  Improper Dih.      CMAP Dih.          LJ-14
    3.27284e+05    2.45963e+05    4.47892e+03   -1.07066e+03    4.95622e+04
     Coulomb-14        LJ (SR)   Coulomb (SR)   Coul. recip. Position Rest.
   -2.38627e+05    2.70301e+05   -5.71093e+06    2.61599e+04    3.92200e+03
      Potential    Kinetic En.   Total Energy  Conserved En.    Temperature
   -5.02296e+06    1.22247e+06   -3.80048e+06   -5.24397e+06    3.09492e+02
 Pressure (bar)   Constr. rmsd
   -9.19128e+01    1.42712e-05

           Step           Time
           4300        8.60000

Writing checkpoint, step 4300 at Thu Jun 24 03:24:41 2021


   Energies (kJ/mol)
            U-B    Proper Dih.  Improper Dih.      CMAP Dih.          LJ-14
    3.27197e+05    2.45783e+05    4.43566e+03   -1.16623e+03    4.96610e+04
     Coulomb-14        LJ (SR)   Coulomb (SR)   Coul. recip. Position Rest.
   -2.38787e+05    2.71314e+05   -5.71394e+06    2.59604e+04    4.11957e+03
      Potential    Kinetic En.   Total Energy  Conserved En.    Temperature
   -5.02542e+06    1.22472e+06   -3.80070e+06   -5.24408e+06    3.10061e+02
 Pressure (bar)   Constr. rmsd
   -2.07308e+02    1.44606e-05

           Step           Time
           4400        8.80000

   Energies (kJ/mol)
            U-B    Proper Dih.  Improper Dih.      CMAP Dih.          LJ-14
    3.26946e+05    2.46079e+05    4.45482e+03   -1.10994e+03    5.00718e+04
     Coulomb-14        LJ (SR)   Coulomb (SR)   Coul. recip. Position Rest.
   -2.38400e+05    2.73662e+05   -5.71542e+06    2.60277e+04    4.01744e+03
      Potential    Kinetic En.   Total Energy  Conserved En.    Temperature
   -5.02368e+06    1.22321e+06   -3.80047e+06   -5.24413e+06    3.09678e+02
 Pressure (bar)   Constr. rmsd
   -1.53334e+02    1.42639e-05

           Step           Time
           4500        9.00000

Writing checkpoint, step 4500 at Thu Jun 24 03:39:28 2021


   Energies (kJ/mol)
            U-B    Proper Dih.  Improper Dih.      CMAP Dih.          LJ-14
    3.26387e+05    2.45939e+05    4.43281e+03   -1.13911e+03    4.96234e+04
     Coulomb-14        LJ (SR)   Coulomb (SR)   Coul. recip. Position Rest.
   -2.39465e+05    2.72454e+05   -5.71377e+06    2.60440e+04    4.06579e+03
      Potential    Kinetic En.   Total Energy  Conserved En.    Temperature
   -5.02543e+06    1.22650e+06   -3.79893e+06   -5.24442e+06    3.10512e+02
 Pressure (bar)   Constr. rmsd
   -1.98873e+02    1.42824e-05

           Step           Time
           4600        9.20000

   Energies (kJ/mol)
            U-B    Proper Dih.  Improper Dih.      CMAP Dih.          LJ-14
    3.27491e+05    2.45778e+05    4.50505e+03   -1.14552e+03    4.96856e+04
     Coulomb-14        LJ (SR)   Coulomb (SR)   Coul. recip. Position Rest.
   -2.39851e+05    2.72238e+05   -5.70957e+06    2.58084e+04    4.06551e+03
      Potential    Kinetic En.   Total Energy  Conserved En.    Temperature
   -5.02099e+06    1.22363e+06   -3.79736e+06   -5.24437e+06    3.09786e+02
 Pressure (bar)   Constr. rmsd
   -1.53725e+02    1.43690e-05

           Step           Time
           4700        9.40000

Writing checkpoint, step 4700 at Thu Jun 24 03:54:20 2021


   Energies (kJ/mol)
            U-B    Proper Dih.  Improper Dih.      CMAP Dih.          LJ-14
    3.25921e+05    2.46203e+05    4.50599e+03   -1.22535e+03    4.99265e+04
     Coulomb-14        LJ (SR)   Coulomb (SR)   Coul. recip. Position Rest.
   -2.38754e+05    2.71642e+05   -5.70867e+06    2.55558e+04    4.00732e+03
      Potential    Kinetic En.   Total Energy  Conserved En.    Temperature
   -5.02088e+06    1.22123e+06   -3.79965e+06   -5.24443e+06    3.09177e+02
 Pressure (bar)   Constr. rmsd
   -1.64938e+02    1.42933e-05

           Step           Time
           4800        9.60000

   Energies (kJ/mol)
            U-B    Proper Dih.  Improper Dih.      CMAP Dih.          LJ-14
    3.27899e+05    2.45904e+05    4.54993e+03   -1.09916e+03    4.97891e+04
     Coulomb-14        LJ (SR)   Coulomb (SR)   Coul. recip. Position Rest.
   -2.39112e+05    2.74612e+05   -5.71647e+06    2.56340e+04    4.00251e+03
      Potential    Kinetic En.   Total Energy  Conserved En.    Temperature
   -5.02429e+06    1.22772e+06   -3.79657e+06   -5.24449e+06    3.10820e+02
 Pressure (bar)   Constr. rmsd
   -1.85414e+02    1.43623e-05

           Step           Time
           4900        9.80000

Writing checkpoint, step 4900 at Thu Jun 24 04:09:26 2021


   Energies (kJ/mol)
            U-B    Proper Dih.  Improper Dih.      CMAP Dih.          LJ-14
    3.26817e+05    2.45597e+05    4.41090e+03   -1.14989e+03    4.94248e+04
     Coulomb-14        LJ (SR)   Coulomb (SR)   Coul. recip. Position Rest.
   -2.39003e+05    2.74077e+05   -5.71367e+06    2.57293e+04    4.02313e+03
      Potential    Kinetic En.   Total Energy  Conserved En.    Temperature
   -5.02375e+06    1.22351e+06   -3.80024e+06   -5.24461e+06    3.09754e+02
 Pressure (bar)   Constr. rmsd
   -1.56774e+02    1.42224e-05

           Step           Time
           5000       10.00000

Writing checkpoint, step 5000 at Thu Jun 24 04:16:56 2021


   Energies (kJ/mol)
            U-B    Proper Dih.  Improper Dih.      CMAP Dih.          LJ-14
    3.27612e+05    2.45519e+05    4.57703e+03   -1.16249e+03    4.93490e+04
     Coulomb-14        LJ (SR)   Coulomb (SR)   Coul. recip. Position Rest.
   -2.38731e+05    2.72494e+05   -5.71274e+06    2.59098e+04    3.91256e+03
      Potential    Kinetic En.   Total Energy  Conserved En.    Temperature
   -5.02326e+06    1.22151e+06   -3.80175e+06   -5.24468e+06    3.09249e+02
 Pressure (bar)   Constr. rmsd
   -1.53218e+02    1.45913e-05

	<======  ###############  ==>
	<====  A V E R A G E S  ====>
	<==  ###############  ======>

	Statistics over 5001 steps using 51 frames

   Energies (kJ/mol)
            U-B    Proper Dih.  Improper Dih.      CMAP Dih.          LJ-14
    3.19914e+05    2.44873e+05    4.39936e+03   -1.11233e+03    4.93976e+04
     Coulomb-14        LJ (SR)   Coulomb (SR)   Coul. recip. Position Rest.
   -2.37818e+05    2.84722e+05   -5.77555e+06    2.55725e+04    3.92331e+03
      Potential    Kinetic En.   Total Energy  Conserved En.    Temperature
   -5.08168e+06    1.21343e+06   -3.86825e+06   -5.24291e+06    3.07202e+02
 Pressure (bar)   Constr. rmsd
   -1.13431e+02    0.00000e+00

   Total Virial (kJ/mol)
    4.17213e+05    1.29263e+03   -2.55165e+03
    1.37488e+03    4.20067e+05   -6.70009e+02
   -2.53544e+03   -6.80962e+02    4.36212e+05

   Pressure (bar)
   -8.70259e+01   -6.64052e+00    1.29057e+01
   -7.10655e+00   -1.05335e+02    5.43671e+00
    1.28138e+01    5.49877e+00   -1.47931e+02

 T-Protein_POPCT-Water_and_ions
    3.07792e+02    3.06966e+02


	M E G A - F L O P S   A C C O U N T I N G

 NB=Group-cutoff nonbonded kernels    NxN=N-by-N cluster Verlet kernels
 RF=Reaction-Field  VdW=Van der Waals  QSTab=quadratic-spline table
 W3=SPC/TIP3p  W4=TIP4p (single or pairs)
 V&F=Potential and force  V=Potential only  F=Force only

 Computing:                               M-Number         M-Flops  % Flops
-----------------------------------------------------------------------------
 Pair Search distance check           14228.650712      128057.856     0.2
 NxN QSTab Elec. + LJ [F]           1732151.707704    71018220.016    91.4
 NxN QSTab Elec. + LJ [V&F]           17843.728144     1052779.960     1.4
 NxN LJ [F]                               0.106128           3.502     0.0
 NxN LJ [V&F]                             0.001072           0.046     0.0
 NxN QSTab Elec. [F]                   3942.510264      134045.349     0.2
 NxN QSTab Elec. [V&F]                   40.615840        1665.249     0.0
 1,4 nonbonded interactions            1800.495027      162044.552     0.2
 Calc Weights                          7114.827681      256133.797     0.3
 Spread Q Bspline                    151782.990528      303565.981     0.4
 Gather F Bspline                    151782.990528      910697.943     1.2
 3D-FFT                              331062.559272     2648500.474     3.4
 Solve PME                               62.732544        4014.883     0.0
 Shift-X                                 24.185577         145.113     0.0
 Propers                               2137.492413      489485.763     0.6
 Impropers                               21.909381        4557.151     0.0
 Pos. Restr.                             38.902779        1945.139     0.0
 Virial                                  24.187872         435.382     0.0
 Stop-CM                                 24.659804         246.598     0.0
 Calc-Ekin                              949.402454       25633.866     0.0
 Lincs                                  674.999757       40499.985     0.1
 Lincs-Mat                            15480.942996       61923.772     0.1
 Constraint-V                          3038.504916       24308.039     0.0
 Constraint-Vir                          24.099489         578.388     0.0
 Settle                                 563.037620      181861.151     0.2
 CMAP                                     4.905981        8340.168     0.0
 Urey-Bradley                          1289.562861      235990.004     0.3
-----------------------------------------------------------------------------
 Total                                                77695680.129   100.0
-----------------------------------------------------------------------------


     R E A L   C Y C L E   A N D   T I M E   A C C O U N T I N G

On 1 MPI rank, each using 4 OpenMP threads

 Computing:          Num   Num      Call    Wall time         Giga-Cycles
                     Ranks Threads  Count      (s)         total sum    %
-----------------------------------------------------------------------------
 Neighbor search        1    4         51      53.631        792.877   0.2
 Force                  1    4       5001   18098.974     267575.621  78.5
 PME mesh               1    4       5001    2251.668      33288.711   9.8
 NB X/F buffer ops.     1    4       9951     589.981       8722.289   2.6
 Write traj.            1    4         51      28.521        421.662   0.1
 Update                 1    4       5001     379.685       5613.265   1.6
 Constraints            1    4       5001    1560.700      23073.417   6.8
 Rest                                          87.393       1292.022   0.4
-----------------------------------------------------------------------------
 Total                                      23050.552     340779.863 100.0
-----------------------------------------------------------------------------
 Breakdown of PME mesh computation
-----------------------------------------------------------------------------
 PME spread             1    4       5001     787.381      11640.660   3.4
 PME gather             1    4       5001     891.093      13173.933   3.9
 PME 3D-FFT             1    4      10002     467.493       6911.421   2.0
 PME solve Elec         1    4       5001      11.229        166.010   0.0
-----------------------------------------------------------------------------

               Core t (s)   Wall t (s)        (%)
       Time:    92202.208    23050.552      400.0
                         6h24:10
                 (ns/day)    (hour/ns)
Performance:        0.037      640.165
Finished mdrun on rank 0 Thu Jun 24 04:16:59 2021
