Log file opened on Thu Jun 24 09:41:55 2021
Host: UK-2016600318  pid: 186  rank ID: 0  number of ranks:  1
                      :-) GROMACS - gmx mdrun, 2018.8 (-:

                            GROMACS is written by:
     Emile Apol      Rossen Apostolov      Paul Bauer     Herman J.C. Berendsen
    Par Bjelkmar    Aldert van Buuren   Rudi van Drunen     Anton Feenstra  
  Gerrit Groenhof    Aleksei Iupinov   Christoph Junghans   Anca Hamuraru   
 Vincent Hindriksen Dimitrios Karkoulis    Peter Kasson        Jiri Kraus    
  Carsten Kutzner      Per Larsson      Justin A. Lemkul    Viveca Lindahl  
  Magnus Lundborg   Pieter Meulenhoff    Erik Marklund      Teemu Murtola   
    Szilard Pall       Sander Pronk      Roland Schulz     Alexey Shvetsov  
   Michael Shirts     Alfons Sijbers     Peter Tieleman    Teemu Virolainen 
 Christian Wennberg    Maarten Wolf   
                           and the project leaders:
        Mark Abraham, Berk Hess, Erik Lindahl, and David van der Spoel

Copyright (c) 1991-2000, University of Groningen, The Netherlands.
Copyright (c) 2001-2017, The GROMACS development team at
Uppsala University, Stockholm University and
the Royal Institute of Technology, Sweden.
check out http://www.gromacs.org for more information.

GROMACS is free software; you can redistribute it and/or modify it
under the terms of the GNU Lesser General Public License
as published by the Free Software Foundation; either version 2.1
of the License, or (at your option) any later version.

GROMACS:      gmx mdrun, version 2018.8
Executable:   /usr/local/gromacs/bin/gmx
Data prefix:  /usr/local/gromacs
Working dir:  /mnt/c/Aparna/HP2X4_FINAL/10ps_membraneproteinruns/5.NPT
Command line:
  gmx mdrun -v -deffnm npt

GROMACS version:    2018.8
Precision:          single
Memory model:       64 bit
MPI library:        thread_mpi
OpenMP support:     enabled (GMX_OPENMP_MAX_THREADS = 64)
GPU support:        disabled
SIMD instructions:  NONE
FFT library:        fftw-3.3.8-sse2-avx
RDTSCP usage:       disabled
TNG support:        enabled
Hwloc support:      disabled
Tracing support:    disabled
Built on:           2021-05-10 14:36:41
Built by:           root@UK-2016600318 [CMAKE]
Build OS/arch:      Linux 4.4.0-18362-Microsoft x86_64
Build CPU vendor:   Unknown
Build CPU brand:    Unknown
Build CPU family:   0   Model: 0   Stepping: 0
Build CPU features: Unknown
C compiler:         /usr/bin/gcc GNU 9.3.0
C compiler flags:        -O3 -DNDEBUG -funroll-all-loops -fexcess-precision=fast  
C++ compiler:       /usr/bin/c++ GNU 9.3.0
C++ compiler flags:     -std=c++11   -O3 -DNDEBUG -funroll-all-loops -fexcess-precision=fast  


Running on 1 node with total 4 cores, 4 logical cores
Hardware detected:
  CPU info:
    Vendor: Intel
    Brand:  Intel(R) Core(TM) i3-6100 CPU @ 3.70GHz
    Family: 6   Model: 94   Stepping: 3
    Features: aes apic avx avx2 clfsh cmov cx8 cx16 f16c fma htt intel lahf mmx msr nonstop_tsc pcid pclmuldq pdcm pdpe1gb popcnt pse rdrnd rdtscp sse2 sse3 sse4.1 sse4.2 ssse3 tdt x2apic
  Hardware topology: Only logical processor count

Highest SIMD level requested by all nodes in run: AVX2_256
SIMD instructions selected at compile time:       None
This program was compiled for different hardware than you are running on,
which could influence performance.
The current CPU can measure timings more accurately than the code in
gmx mdrun was configured to use. This might affect your simulation
speed as accurate timings are needed for load-balancing.
Please consider rebuilding gmx mdrun with the GMX_USE_RDTSCP=ON CMake option.

++++ PLEASE READ AND CITE THE FOLLOWING REFERENCE ++++
M. J. Abraham, T. Murtola, R. Schulz, S. Páll, J. C. Smith, B. Hess, E.
Lindahl
GROMACS: High performance molecular simulations through multi-level
parallelism from laptops to supercomputers
SoftwareX 1 (2015) pp. 19-25
-------- -------- --- Thank You --- -------- --------


++++ PLEASE READ AND CITE THE FOLLOWING REFERENCE ++++
S. Páll, M. J. Abraham, C. Kutzner, B. Hess, E. Lindahl
Tackling Exascale Software Challenges in Molecular Dynamics Simulations with
GROMACS
In S. Markidis & E. Laure (Eds.), Solving Software Challenges for Exascale 8759 (2015) pp. 3-27
-------- -------- --- Thank You --- -------- --------


++++ PLEASE READ AND CITE THE FOLLOWING REFERENCE ++++
S. Pronk, S. Páll, R. Schulz, P. Larsson, P. Bjelkmar, R. Apostolov, M. R.
Shirts, J. C. Smith, P. M. Kasson, D. van der Spoel, B. Hess, and E. Lindahl
GROMACS 4.5: a high-throughput and highly parallel open source molecular
simulation toolkit
Bioinformatics 29 (2013) pp. 845-54
-------- -------- --- Thank You --- -------- --------


++++ PLEASE READ AND CITE THE FOLLOWING REFERENCE ++++
B. Hess and C. Kutzner and D. van der Spoel and E. Lindahl
GROMACS 4: Algorithms for highly efficient, load-balanced, and scalable
molecular simulation
J. Chem. Theory Comput. 4 (2008) pp. 435-447
-------- -------- --- Thank You --- -------- --------


++++ PLEASE READ AND CITE THE FOLLOWING REFERENCE ++++
D. van der Spoel, E. Lindahl, B. Hess, G. Groenhof, A. E. Mark and H. J. C.
Berendsen
GROMACS: Fast, Flexible and Free
J. Comp. Chem. 26 (2005) pp. 1701-1719
-------- -------- --- Thank You --- -------- --------


++++ PLEASE READ AND CITE THE FOLLOWING REFERENCE ++++
E. Lindahl and B. Hess and D. van der Spoel
GROMACS 3.0: A package for molecular simulation and trajectory analysis
J. Mol. Mod. 7 (2001) pp. 306-317
-------- -------- --- Thank You --- -------- --------


++++ PLEASE READ AND CITE THE FOLLOWING REFERENCE ++++
H. J. C. Berendsen, D. van der Spoel and R. van Drunen
GROMACS: A message-passing parallel molecular dynamics implementation
Comp. Phys. Comm. 91 (1995) pp. 43-56
-------- -------- --- Thank You --- -------- --------

Input Parameters:
   integrator                     = md
   tinit                          = 0
   dt                             = 0.002
   nsteps                         = 5000
   init-step                      = 0
   simulation-part                = 1
   comm-mode                      = Linear
   nstcomm                        = 100
   bd-fric                        = 0
   ld-seed                        = 1716357872
   emtol                          = 10
   emstep                         = 0.01
   niter                          = 20
   fcstep                         = 0
   nstcgsteep                     = 1000
   nbfgscorr                      = 10
   rtpi                           = 0.05
   nstxout                        = 100
   nstvout                        = 100
   nstfout                        = 0
   nstlog                         = 100
   nstcalcenergy                  = 100
   nstenergy                      = 100
   nstxout-compressed             = 0
   compressed-x-precision         = 1000
   cutoff-scheme                  = Verlet
   nstlist                        = 5
   ns-type                        = Grid
   pbc                            = xyz
   periodic-molecules             = false
   verlet-buffer-tolerance        = 0.005
   rlist                          = 1.2
   coulombtype                    = PME
   coulomb-modifier               = Potential-shift
   rcoulomb-switch                = 0
   rcoulomb                       = 1.2
   epsilon-r                      = 1
   epsilon-rf                     = inf
   vdw-type                       = Cut-off
   vdw-modifier                   = Potential-shift
   rvdw-switch                    = 0
   rvdw                           = 1.2
   DispCorr                       = No
   table-extension                = 1
   fourierspacing                 = 0.16
   fourier-nx                     = 112
   fourier-ny                     = 112
   fourier-nz                     = 128
   pme-order                      = 4
   ewald-rtol                     = 1e-05
   ewald-rtol-lj                  = 0.001
   lj-pme-comb-rule               = Geometric
   ewald-geometry                 = 0
   epsilon-surface                = 0
   implicit-solvent               = No
   gb-algorithm                   = Still
   nstgbradii                     = 1
   rgbradii                       = 1
   gb-epsilon-solvent             = 80
   gb-saltconc                    = 0
   gb-obc-alpha                   = 1
   gb-obc-beta                    = 0.8
   gb-obc-gamma                   = 4.85
   gb-dielectric-offset           = 0.009
   sa-algorithm                   = Ace-approximation
   sa-surface-tension             = 2.05016
   tcoupl                         = Nose-Hoover
   nsttcouple                     = 5
   nh-chain-length                = 1
   print-nose-hoover-chain-variables = false
   pcoupl                         = Parrinello-Rahman
   pcoupltype                     = Semiisotropic
   nstpcouple                     = 5
   tau-p                          = 5
   compressibility (3x3):
      compressibility[    0]={ 4.50000e-05,  0.00000e+00,  0.00000e+00}
      compressibility[    1]={ 0.00000e+00,  4.50000e-05,  0.00000e+00}
      compressibility[    2]={ 0.00000e+00,  0.00000e+00,  4.50000e-05}
   ref-p (3x3):
      ref-p[    0]={ 1.00000e+00,  0.00000e+00,  0.00000e+00}
      ref-p[    1]={ 0.00000e+00,  1.00000e+00,  0.00000e+00}
      ref-p[    2]={ 0.00000e+00,  0.00000e+00,  1.00000e+00}
   refcoord-scaling               = COM
   posres-com (3):
      posres-com[0]= 4.97678e-01
      posres-com[1]= 4.97151e-01
      posres-com[2]= 7.25918e-01
   posres-comB (3):
      posres-comB[0]= 4.97678e-01
      posres-comB[1]= 4.97151e-01
      posres-comB[2]= 7.25918e-01
   QMMM                           = false
   QMconstraints                  = 0
   QMMMscheme                     = 0
   MMChargeScaleFactor            = 1
qm-opts:
   ngQM                           = 0
   constraint-algorithm           = Lincs
   continuation                   = true
   Shake-SOR                      = false
   shake-tol                      = 0.0001
   lincs-order                    = 4
   lincs-iter                     = 1
   lincs-warnangle                = 30
   nwall                          = 0
   wall-type                      = 9-3
   wall-r-linpot                  = -1
   wall-atomtype[0]               = -1
   wall-atomtype[1]               = -1
   wall-density[0]                = 0
   wall-density[1]                = 0
   wall-ewald-zfac                = 3
   pull                           = false
   awh                            = false
   rotation                       = false
   interactiveMD                  = false
   disre                          = No
   disre-weighting                = Conservative
   disre-mixed                    = false
   dr-fc                          = 1000
   dr-tau                         = 0
   nstdisreout                    = 100
   orire-fc                       = 0
   orire-tau                      = 0
   nstorireout                    = 100
   free-energy                    = no
   cos-acceleration               = 0
   deform (3x3):
      deform[    0]={ 0.00000e+00,  0.00000e+00,  0.00000e+00}
      deform[    1]={ 0.00000e+00,  0.00000e+00,  0.00000e+00}
      deform[    2]={ 0.00000e+00,  0.00000e+00,  0.00000e+00}
   simulated-tempering            = false
   swapcoords                     = no
   userint1                       = 0
   userint2                       = 0
   userint3                       = 0
   userint4                       = 0
   userreal1                      = 0
   userreal2                      = 0
   userreal3                      = 0
   userreal4                      = 0
   applied-forces:
     electric-field:
       x:
         E0                       = 0
         omega                    = 0
         t0                       = 0
         sigma                    = 0
       y:
         E0                       = 0
         omega                    = 0
         t0                       = 0
         sigma                    = 0
       z:
         E0                       = 0
         omega                    = 0
         t0                       = 0
         sigma                    = 0
grpopts:
   nrdf:      271896      982044
   ref-t:         310         310
   tau-t:         0.5         0.5
annealing:          No          No
annealing-npoints:           0           0
   acc:	           0           0           0
   nfreeze:           N           N           N
   energygrp-flags[  0]: 0

Changing nstlist from 5 to 80, rlist from 1.2 to 1.312


Using 1 MPI thread
Using 4 OpenMP threads 

Pinning threads with an auto-selected logical core stride of 1
System total charge: 23.000
Will do PME sum in reciprocal space for electrostatic interactions.

++++ PLEASE READ AND CITE THE FOLLOWING REFERENCE ++++
U. Essmann, L. Perera, M. L. Berkowitz, T. Darden, H. Lee and L. G. Pedersen 
A smooth particle mesh Ewald method
J. Chem. Phys. 103 (1995) pp. 8577-8592
-------- -------- --- Thank You --- -------- --------

Using a Gaussian width (1/beta) of 0.384195 nm for Ewald
Potential shift: LJ r^-12: -1.122e-01 r^-6: -3.349e-01, Ewald -8.333e-06
Initialized non-bonded Ewald correction tables, spacing: 1.02e-03 size: 1176

Generated table with 1156 data points for 1-4 COUL.
Tabscale = 500 points/nm
Generated table with 1156 data points for 1-4 LJ6.
Tabscale = 500 points/nm
Generated table with 1156 data points for 1-4 LJ12.
Tabscale = 500 points/nm

Using plain C 4x4 nonbonded short-range kernels

WARNING: Using the slow plain C kernels. This should
not happen during routine usage on supported platforms.

Using a dual 4x4 pair-list setup updated with dynamic pruning:
  outer list: updated every 80 steps, buffer 0.112 nm, rlist 1.312 nm
  inner list: updated every 14 steps, buffer 0.002 nm, rlist 1.202 nm
At tolerance 0.005 kJ/mol/ps per atom, equivalent classical 1x1 list would be:
  outer list: updated every 80 steps, buffer 0.260 nm, rlist 1.460 nm
  inner list: updated every 14 steps, buffer 0.056 nm, rlist 1.256 nm

Using full Lennard-Jones parameter combination matrix


Initializing LINear Constraint Solver

++++ PLEASE READ AND CITE THE FOLLOWING REFERENCE ++++
B. Hess and H. Bekker and H. J. C. Berendsen and J. G. E. M. Fraaije
LINCS: A Linear Constraint Solver for molecular simulations
J. Comp. Chem. 18 (1997) pp. 1463-1472
-------- -------- --- Thank You --- -------- --------

The number of constraints is 134919

++++ PLEASE READ AND CITE THE FOLLOWING REFERENCE ++++
S. Miyamoto and P. A. Kollman
SETTLE: An Analytical Version of the SHAKE and RATTLE Algorithms for Rigid
Water Models
J. Comp. Chem. 13 (1992) pp. 952-962
-------- -------- --- Thank You --- -------- --------


Intra-simulation communication will occur every 5 steps.
Center of mass motion removal mode is Linear
We have the following groups for center of mass motion removal:
  0:  Protein_POPC
  1:  Water_and_ions
There are: 626129 Atoms

Started mdrun on rank 0 Thu Jun 24 09:41:57 2021
           Step           Time
              0        0.00000

   Energies (kJ/mol)
            U-B    Proper Dih.  Improper Dih.      CMAP Dih.          LJ-14
    3.25333e+05    2.46187e+05    4.52545e+03   -1.07448e+03    4.98723e+04
     Coulomb-14        LJ (SR)   Coulomb (SR)   Coul. recip. Position Rest.
   -2.38006e+05    5.14572e+05   -8.13335e+06    2.95178e+04    9.69334e-01
      Potential    Kinetic En.   Total Energy  Conserved En.    Temperature
   -7.20242e+06    1.61424e+06   -5.58818e+06   -5.58783e+06    3.09662e+02
 Pressure (bar)   Constr. rmsd
    1.20118e+03    1.44934e-05

           Step           Time
            100        0.20000

   Energies (kJ/mol)
            U-B    Proper Dih.  Improper Dih.      CMAP Dih.          LJ-14
    3.28067e+05    2.47079e+05    4.41932e+03   -1.18942e+03    5.03067e+04
     Coulomb-14        LJ (SR)   Coulomb (SR)   Coul. recip. Position Rest.
   -2.37578e+05    5.03754e+05   -8.12106e+06    2.90370e+04    3.85435e+03
      Potential    Kinetic En.   Total Energy  Conserved En.    Temperature
   -7.19331e+06    1.61465e+06   -5.57865e+06   -5.58756e+06    3.09741e+02
 Pressure (bar)   Constr. rmsd
    1.00188e+03    1.42966e-05

           Step           Time
            200        0.40000

   Energies (kJ/mol)
            U-B    Proper Dih.  Improper Dih.      CMAP Dih.          LJ-14
    3.24760e+05    2.46850e+05    4.32836e+03   -1.18990e+03    5.03633e+04
     Coulomb-14        LJ (SR)   Coulomb (SR)   Coul. recip. Position Rest.
   -2.38529e+05    4.92916e+05   -8.09921e+06    2.90850e+04    3.54243e+03
      Potential    Kinetic En.   Total Energy  Conserved En.    Temperature
   -7.18708e+06    1.61862e+06   -5.56847e+06   -5.58787e+06    3.10501e+02
 Pressure (bar)   Constr. rmsd
    7.79049e+02    1.41041e-05

Writing checkpoint, step 240 at Thu Jun 24 10:03:45 2021


           Step           Time
            300        0.60000

   Energies (kJ/mol)
            U-B    Proper Dih.  Improper Dih.      CMAP Dih.          LJ-14
    3.24255e+05    2.46760e+05    4.46064e+03   -1.24665e+03    4.98722e+04
     Coulomb-14        LJ (SR)   Coulomb (SR)   Coul. recip. Position Rest.
   -2.38624e+05    4.84028e+05   -8.07767e+06    2.95861e+04    3.47303e+03
      Potential    Kinetic En.   Total Energy  Conserved En.    Temperature
   -7.17510e+06    1.61802e+06   -5.55709e+06   -5.58757e+06    3.10386e+02
 Pressure (bar)   Constr. rmsd
    5.33671e+02    1.44446e-05

           Step           Time
            400        0.80000

Writing checkpoint, step 400 at Thu Jun 24 10:19:16 2021


   Energies (kJ/mol)
            U-B    Proper Dih.  Improper Dih.      CMAP Dih.          LJ-14
    3.30795e+05    2.46519e+05    4.53212e+03   -1.13926e+03    4.96580e+04
     Coulomb-14        LJ (SR)   Coulomb (SR)   Coul. recip. Position Rest.
   -2.38041e+05    4.72982e+05   -8.05074e+06    2.97544e+04    3.69124e+03
      Potential    Kinetic En.   Total Energy  Conserved En.    Temperature
   -7.15199e+06    1.61804e+06   -5.53394e+06   -5.58768e+06    3.10391e+02
 Pressure (bar)   Constr. rmsd
    2.71925e+02    1.42023e-05

           Step           Time
            500        1.00000

   Energies (kJ/mol)
            U-B    Proper Dih.  Improper Dih.      CMAP Dih.          LJ-14
    3.24407e+05    2.45530e+05    4.50105e+03   -1.22645e+03    4.97655e+04
     Coulomb-14        LJ (SR)   Coulomb (SR)   Coul. recip. Position Rest.
   -2.37149e+05    4.65609e+05   -8.02788e+06    2.98424e+04    3.84986e+03
      Potential    Kinetic En.   Total Energy  Conserved En.    Temperature
   -7.14275e+06    1.61437e+06   -5.52838e+06   -5.58802e+06    3.09685e+02
 Pressure (bar)   Constr. rmsd
    7.50739e+00    1.42947e-05

Writing checkpoint, step 560 at Thu Jun 24 10:35:10 2021


           Step           Time
            600        1.20000

   Energies (kJ/mol)
            U-B    Proper Dih.  Improper Dih.      CMAP Dih.          LJ-14
    3.28568e+05    2.46237e+05    4.53788e+03   -1.46026e+03    4.98693e+04
     Coulomb-14        LJ (SR)   Coulomb (SR)   Coul. recip. Position Rest.
   -2.37598e+05    4.58336e+05   -8.00295e+06    3.03496e+04    3.82432e+03
      Potential    Kinetic En.   Total Energy  Conserved En.    Temperature
   -7.12028e+06    1.61890e+06   -5.50138e+06   -5.58738e+06    3.10556e+02
 Pressure (bar)   Constr. rmsd
   -2.11155e+02    1.45950e-05

Writing checkpoint, step 640 at Thu Jun 24 10:43:29 2021


           Step           Time
            700        1.40000

   Energies (kJ/mol)
            U-B    Proper Dih.  Improper Dih.      CMAP Dih.          LJ-14
    3.28225e+05    2.45906e+05    4.38001e+03   -1.11690e+03    4.94323e+04
     Coulomb-14        LJ (SR)   Coulomb (SR)   Coul. recip. Position Rest.
   -2.39034e+05    4.61733e+05   -7.99571e+06    3.03690e+04    3.80505e+03
      Potential    Kinetic En.   Total Energy  Conserved En.    Temperature
   -7.11201e+06    1.61413e+06   -5.49788e+06   -5.58871e+06    3.09640e+02
 Pressure (bar)   Constr. rmsd
   -2.86841e+02    1.42819e-05

           Step           Time
            800        1.60000

Writing checkpoint, step 800 at Thu Jun 24 11:00:15 2021


   Energies (kJ/mol)
            U-B    Proper Dih.  Improper Dih.      CMAP Dih.          LJ-14
    3.26846e+05    2.45125e+05    4.61835e+03   -1.18029e+03    4.95027e+04
     Coulomb-14        LJ (SR)   Coulomb (SR)   Coul. recip. Position Rest.
   -2.38206e+05    4.59473e+05   -7.98152e+06    3.07767e+04    3.73205e+03
      Potential    Kinetic En.   Total Energy  Conserved En.    Temperature
   -7.10084e+06    1.61631e+06   -5.48452e+06   -5.58763e+06    3.10059e+02
 Pressure (bar)   Constr. rmsd
   -4.06749e+02    1.41936e-05

           Step           Time
            900        1.80000

   Energies (kJ/mol)
            U-B    Proper Dih.  Improper Dih.      CMAP Dih.          LJ-14
    3.31027e+05    2.45357e+05    4.54587e+03   -1.15353e+03    4.96900e+04
     Coulomb-14        LJ (SR)   Coulomb (SR)   Coul. recip. Position Rest.
   -2.38430e+05    4.56733e+05   -7.96395e+06    3.06627e+04    3.92616e+03
      Potential    Kinetic En.   Total Energy  Conserved En.    Temperature
   -7.08159e+06    1.61806e+06   -5.46354e+06   -5.58809e+06    3.10394e+02
 Pressure (bar)   Constr. rmsd
   -5.49469e+02    1.46221e-05

Writing checkpoint, step 960 at Thu Jun 24 11:17:51 2021


           Step           Time
           1000        2.00000

   Energies (kJ/mol)
            U-B    Proper Dih.  Improper Dih.      CMAP Dih.          LJ-14
    3.26733e+05    2.44913e+05    4.44071e+03   -1.05835e+03    4.93071e+04
     Coulomb-14        LJ (SR)   Coulomb (SR)   Coul. recip. Position Rest.
   -2.38411e+05    4.61367e+05   -7.96314e+06    3.10125e+04    3.75643e+03
      Potential    Kinetic En.   Total Energy  Conserved En.    Temperature
   -7.08108e+06    1.61497e+06   -5.46611e+06   -5.58886e+06    3.09802e+02
 Pressure (bar)   Constr. rmsd
   -5.54471e+02    1.42579e-05

           Step           Time
           1100        2.20000

   Energies (kJ/mol)
            U-B    Proper Dih.  Improper Dih.      CMAP Dih.          LJ-14
    3.27954e+05    2.45766e+05    4.56586e+03   -1.31326e+03    4.96863e+04
     Coulomb-14        LJ (SR)   Coulomb (SR)   Coul. recip. Position Rest.
   -2.38309e+05    4.65653e+05   -7.96582e+06    3.08341e+04    3.90547e+03
      Potential    Kinetic En.   Total Energy  Conserved En.    Temperature
   -7.07707e+06    1.61412e+06   -5.46296e+06   -5.58800e+06    3.09638e+02
 Pressure (bar)   Constr. rmsd
   -5.34833e+02    1.43085e-05

Writing checkpoint, step 1120 at Thu Jun 24 11:33:41 2021


           Step           Time
           1200        2.40000

   Energies (kJ/mol)
            U-B    Proper Dih.  Improper Dih.      CMAP Dih.          LJ-14
    3.27547e+05    2.45221e+05    4.66262e+03   -1.10487e+03    4.95273e+04
     Coulomb-14        LJ (SR)   Coulomb (SR)   Coul. recip. Position Rest.
   -2.37812e+05    4.68678e+05   -7.96399e+06    3.14238e+04    3.95852e+03
      Potential    Kinetic En.   Total Energy  Conserved En.    Temperature
   -7.07189e+06    1.62048e+06   -5.45141e+06   -5.58915e+06    3.10859e+02
 Pressure (bar)   Constr. rmsd
   -5.27178e+02    1.42750e-05

Writing checkpoint, step 1280 at Thu Jun 24 11:48:37 2021


           Step           Time
           1300        2.60000

   Energies (kJ/mol)
            U-B    Proper Dih.  Improper Dih.      CMAP Dih.          LJ-14
    3.23942e+05    2.45447e+05    4.40618e+03   -1.22104e+03    4.94392e+04
     Coulomb-14        LJ (SR)   Coulomb (SR)   Coul. recip. Position Rest.
   -2.38481e+05    4.72723e+05   -7.96879e+06    3.12229e+04    3.91400e+03
      Potential    Kinetic En.   Total Energy  Conserved En.    Temperature
   -7.07740e+06    1.61355e+06   -5.46385e+06   -5.58882e+06    3.09528e+02
 Pressure (bar)   Constr. rmsd
   -4.55809e+02    1.42337e-05

           Step           Time
           1400        2.80000

   Energies (kJ/mol)
            U-B    Proper Dih.  Improper Dih.      CMAP Dih.          LJ-14
    3.30853e+05    2.45776e+05    4.41027e+03   -1.22088e+03    4.94889e+04
     Coulomb-14        LJ (SR)   Coulomb (SR)   Coul. recip. Position Rest.
   -2.38907e+05    4.78511e+05   -7.97815e+06    3.12206e+04    3.93757e+03
      Potential    Kinetic En.   Total Energy  Conserved En.    Temperature
   -7.07408e+06    1.61945e+06   -5.45463e+06   -5.58903e+06    3.10662e+02
 Pressure (bar)   Constr. rmsd
   -3.50956e+02    1.42766e-05

Writing checkpoint, step 1440 at Thu Jun 24 12:04:17 2021


           Step           Time
           1500        3.00000

   Energies (kJ/mol)
            U-B    Proper Dih.  Improper Dih.      CMAP Dih.          LJ-14
    3.25377e+05    2.44669e+05    4.29228e+03   -1.12729e+03    4.93840e+04
     Coulomb-14        LJ (SR)   Coulomb (SR)   Coul. recip. Position Rest.
   -2.38599e+05    4.86598e+05   -7.99024e+06    3.10888e+04    3.88394e+03
      Potential    Kinetic En.   Total Energy  Conserved En.    Temperature
   -7.08468e+06    1.61319e+06   -5.47149e+06   -5.58920e+06    3.09460e+02
 Pressure (bar)   Constr. rmsd
   -2.78801e+02    1.43285e-05

           Step           Time
           1600        3.20000

Writing checkpoint, step 1600 at Thu Jun 24 12:21:02 2021


   Energies (kJ/mol)
            U-B    Proper Dih.  Improper Dih.      CMAP Dih.          LJ-14
    3.28038e+05    2.45159e+05    4.38166e+03   -1.08962e+03    4.95504e+04
     Coulomb-14        LJ (SR)   Coulomb (SR)   Coul. recip. Position Rest.
   -2.38609e+05    4.84258e+05   -7.99198e+06    3.07797e+04    3.84981e+03
      Potential    Kinetic En.   Total Energy  Conserved En.    Temperature
   -7.08566e+06    1.61560e+06   -5.47006e+06   -5.58868e+06    3.09922e+02
 Pressure (bar)   Constr. rmsd
   -2.64756e+02    1.43031e-05

Writing checkpoint, step 1680 at Thu Jun 24 12:29:21 2021


           Step           Time
           1700        3.40000

   Energies (kJ/mol)
            U-B    Proper Dih.  Improper Dih.      CMAP Dih.          LJ-14
    3.25720e+05    2.44946e+05    4.37934e+03   -1.15763e+03    4.97746e+04
     Coulomb-14        LJ (SR)   Coulomb (SR)   Coul. recip. Position Rest.
   -2.38601e+05    4.88079e+05   -8.00175e+06    3.05374e+04    3.98710e+03
      Potential    Kinetic En.   Total Energy  Conserved En.    Temperature
   -7.09408e+06    1.61695e+06   -5.47713e+06   -5.58970e+06    3.10181e+02
 Pressure (bar)   Constr. rmsd
   -1.43238e+02    1.42686e-05

           Step           Time
           1800        3.60000

   Energies (kJ/mol)
            U-B    Proper Dih.  Improper Dih.      CMAP Dih.          LJ-14
    3.25003e+05    2.45097e+05    4.52661e+03   -1.22659e+03    5.00476e+04
     Coulomb-14        LJ (SR)   Coulomb (SR)   Coul. recip. Position Rest.
   -2.38062e+05    4.88326e+05   -8.01027e+06    3.06352e+04    3.86308e+03
      Potential    Kinetic En.   Total Energy  Conserved En.    Temperature
   -7.10206e+06    1.61422e+06   -5.48784e+06   -5.58897e+06    3.09657e+02
 Pressure (bar)   Constr. rmsd
   -2.81256e+01    1.41585e-05

Writing checkpoint, step 1840 at Thu Jun 24 12:45:55 2021


           Step           Time
           1900        3.80000

   Energies (kJ/mol)
            U-B    Proper Dih.  Improper Dih.      CMAP Dih.          LJ-14
    3.30040e+05    2.45835e+05    4.44050e+03   -1.32138e+03    4.96928e+04
     Coulomb-14        LJ (SR)   Coulomb (SR)   Coul. recip. Position Rest.
   -2.39888e+05    4.93416e+05   -8.01850e+06    3.05111e+04    3.90438e+03
      Potential    Kinetic En.   Total Energy  Conserved En.    Temperature
   -7.10187e+06    1.61592e+06   -5.48596e+06   -5.58930e+06    3.09983e+02
 Pressure (bar)   Constr. rmsd
    3.74451e+01    1.39855e-05

           Step           Time
           2000        4.00000

Writing checkpoint, step 2000 at Thu Jun 24 13:01:21 2021


   Energies (kJ/mol)
            U-B    Proper Dih.  Improper Dih.      CMAP Dih.          LJ-14
    3.26549e+05    2.45391e+05    4.53720e+03   -1.10836e+03    4.97601e+04
     Coulomb-14        LJ (SR)   Coulomb (SR)   Coul. recip. Position Rest.
   -2.38433e+05    4.92662e+05   -8.02984e+06    3.00908e+04    3.92123e+03
      Potential    Kinetic En.   Total Energy  Conserved En.    Temperature
   -7.11647e+06    1.61378e+06   -5.50269e+06   -5.58945e+06    3.09574e+02
 Pressure (bar)   Constr. rmsd
    6.11102e+01    1.42920e-05

           Step           Time
           2100        4.20000

   Energies (kJ/mol)
            U-B    Proper Dih.  Improper Dih.      CMAP Dih.          LJ-14
    3.27903e+05    2.45908e+05    4.50198e+03   -1.17508e+03    4.98702e+04
     Coulomb-14        LJ (SR)   Coulomb (SR)   Coul. recip. Position Rest.
   -2.39570e+05    4.95524e+05   -8.03776e+06    3.03738e+04    3.99972e+03
      Potential    Kinetic En.   Total Energy  Conserved En.    Temperature
   -7.12043e+06    1.61368e+06   -5.50674e+06   -5.58895e+06    3.09555e+02
 Pressure (bar)   Constr. rmsd
    1.89204e+02    1.40074e-05

Writing checkpoint, step 2160 at Thu Jun 24 13:16:49 2021


           Step           Time
           2200        4.40000

   Energies (kJ/mol)
            U-B    Proper Dih.  Improper Dih.      CMAP Dih.          LJ-14
    3.26459e+05    2.46263e+05    4.52296e+03   -1.21047e+03    4.99089e+04
     Coulomb-14        LJ (SR)   Coulomb (SR)   Coul. recip. Position Rest.
   -2.38334e+05    4.93827e+05   -8.04253e+06    3.01835e+04    3.98617e+03
      Potential    Kinetic En.   Total Energy  Conserved En.    Temperature
   -7.12692e+06    1.61627e+06   -5.51065e+06   -5.58954e+06    3.10051e+02
 Pressure (bar)   Constr. rmsd
    2.14705e+02    1.42176e-05

           Step           Time
           2300        4.60000

   Energies (kJ/mol)
            U-B    Proper Dih.  Improper Dih.      CMAP Dih.          LJ-14
    3.23870e+05    2.46186e+05    4.31335e+03   -1.22193e+03    4.95712e+04
     Coulomb-14        LJ (SR)   Coulomb (SR)   Coul. recip. Position Rest.
   -2.38956e+05    4.96120e+05   -8.05029e+06    3.01599e+04    3.98777e+03
      Potential    Kinetic En.   Total Energy  Conserved En.    Temperature
   -7.13626e+06    1.61517e+06   -5.52108e+06   -5.58942e+06    3.09841e+02
 Pressure (bar)   Constr. rmsd
    2.37253e+02    1.39392e-05

Writing checkpoint, step 2320 at Thu Jun 24 13:32:13 2021


           Step           Time
           2400        4.80000

   Energies (kJ/mol)
            U-B    Proper Dih.  Improper Dih.      CMAP Dih.          LJ-14
    3.28415e+05    2.45771e+05    4.30190e+03   -1.14145e+03    4.99677e+04
     Coulomb-14        LJ (SR)   Coulomb (SR)   Coul. recip. Position Rest.
   -2.39001e+05    4.96366e+05   -8.05485e+06    3.00720e+04    4.00031e+03
      Potential    Kinetic En.   Total Energy  Conserved En.    Temperature
   -7.13610e+06    1.61847e+06   -5.51763e+06   -5.58944e+06    3.10474e+02
 Pressure (bar)   Constr. rmsd
    2.41598e+02    1.41735e-05

Writing checkpoint, step 2480 at Thu Jun 24 13:49:29 2021


           Step           Time
           2500        5.00000

   Energies (kJ/mol)
            U-B    Proper Dih.  Improper Dih.      CMAP Dih.          LJ-14
    3.25501e+05    2.45989e+05    4.56908e+03   -1.24418e+03    4.95396e+04
     Coulomb-14        LJ (SR)   Coulomb (SR)   Coul. recip. Position Rest.
   -2.39174e+05    4.86178e+05   -8.04280e+06    2.98398e+04    3.91789e+03
      Potential    Kinetic En.   Total Energy  Conserved En.    Temperature
   -7.13768e+06    1.61305e+06   -5.52463e+06   -5.58938e+06    3.09434e+02
 Pressure (bar)   Constr. rmsd
    1.52609e+02    1.41617e-05

Writing checkpoint, step 2560 at Thu Jun 24 13:58:17 2021


           Step           Time
           2600        5.20000

   Energies (kJ/mol)
            U-B    Proper Dih.  Improper Dih.      CMAP Dih.          LJ-14
    3.26326e+05    2.45965e+05    4.60733e+03   -1.27214e+03    4.98793e+04
     Coulomb-14        LJ (SR)   Coulomb (SR)   Coul. recip. Position Rest.
   -2.38633e+05    4.90743e+05   -8.04378e+06    3.01788e+04    3.94425e+03
      Potential    Kinetic En.   Total Energy  Conserved En.    Temperature
   -7.13204e+06    1.61808e+06   -5.51396e+06   -5.58936e+06    3.10399e+02
 Pressure (bar)   Constr. rmsd
    2.59270e+02    1.40299e-05

           Step           Time
           2700        5.40000

   Energies (kJ/mol)
            U-B    Proper Dih.  Improper Dih.      CMAP Dih.          LJ-14
    3.27969e+05    2.46218e+05    4.48756e+03   -1.20035e+03    4.98612e+04
     Coulomb-14        LJ (SR)   Coulomb (SR)   Coul. recip. Position Rest.
   -2.38233e+05    4.93699e+05   -8.05316e+06    3.00528e+04    4.03893e+03
      Potential    Kinetic En.   Total Energy  Conserved En.    Temperature
   -7.13627e+06    1.61324e+06   -5.52303e+06   -5.58995e+06    3.09471e+02
 Pressure (bar)   Constr. rmsd
    2.85993e+02    1.40943e-05

Writing checkpoint, step 2720 at Thu Jun 24 14:14:48 2021


           Step           Time
           2800        5.60000

   Energies (kJ/mol)
            U-B    Proper Dih.  Improper Dih.      CMAP Dih.          LJ-14
    3.24835e+05    2.45766e+05    4.41326e+03   -1.22656e+03    4.94298e+04
     Coulomb-14        LJ (SR)   Coulomb (SR)   Coul. recip. Position Rest.
   -2.38315e+05    4.89164e+05   -8.04779e+06    3.01402e+04    3.98209e+03
      Potential    Kinetic En.   Total Energy  Conserved En.    Temperature
   -7.13960e+06    1.61576e+06   -5.52384e+06   -5.58935e+06    3.09953e+02
 Pressure (bar)   Constr. rmsd
    2.01371e+02    1.40485e-05

Writing checkpoint, step 2880 at Thu Jun 24 14:31:44 2021


           Step           Time
           2900        5.80000

   Energies (kJ/mol)
            U-B    Proper Dih.  Improper Dih.      CMAP Dih.          LJ-14
    3.28052e+05    2.45605e+05    4.38977e+03   -1.21404e+03    5.00042e+04
     Coulomb-14        LJ (SR)   Coulomb (SR)   Coul. recip. Position Rest.
   -2.37614e+05    4.89428e+05   -8.04468e+06    3.02205e+04    4.08156e+03
      Potential    Kinetic En.   Total Energy  Conserved En.    Temperature
   -7.13173e+06    1.61878e+06   -5.51295e+06   -5.58955e+06    3.10533e+02
 Pressure (bar)   Constr. rmsd
    1.68788e+02    1.41851e-05

           Step           Time
           3000        6.00000

   Energies (kJ/mol)
            U-B    Proper Dih.  Improper Dih.      CMAP Dih.          LJ-14
    3.27378e+05    2.45987e+05    4.66746e+03   -1.07294e+03    4.97577e+04
     Coulomb-14        LJ (SR)   Coulomb (SR)   Coul. recip. Position Rest.
   -2.38027e+05    4.82982e+05   -8.03583e+06    3.01766e+04    3.86448e+03
      Potential    Kinetic En.   Total Energy  Conserved En.    Temperature
   -7.13012e+06    1.61335e+06   -5.51677e+06   -5.58977e+06    3.09491e+02
 Pressure (bar)   Constr. rmsd
    5.94854e+01    1.39522e-05

Writing checkpoint, step 3040 at Thu Jun 24 14:48:00 2021


           Step           Time
           3100        6.20000

   Energies (kJ/mol)
            U-B    Proper Dih.  Improper Dih.      CMAP Dih.          LJ-14
    3.26052e+05    2.46216e+05    4.38723e+03   -1.08620e+03    4.94887e+04
     Coulomb-14        LJ (SR)   Coulomb (SR)   Coul. recip. Position Rest.
   -2.38399e+05    4.85501e+05   -8.03303e+06    3.00816e+04    3.91445e+03
      Potential    Kinetic En.   Total Energy  Conserved En.    Temperature
   -7.12687e+06    1.61468e+06   -5.51220e+06   -5.58946e+06    3.09745e+02
 Pressure (bar)   Constr. rmsd
    8.75945e+00    1.40433e-05

           Step           Time
           3200        6.40000

Writing checkpoint, step 3200 at Thu Jun 24 15:03:24 2021


   Energies (kJ/mol)
            U-B    Proper Dih.  Improper Dih.      CMAP Dih.          LJ-14
    3.27247e+05    2.45850e+05    4.40619e+03   -1.21888e+03    4.95619e+04
     Coulomb-14        LJ (SR)   Coulomb (SR)   Coul. recip. Position Rest.
   -2.38603e+05    4.79443e+05   -8.02336e+06    3.00972e+04    3.91798e+03
      Potential    Kinetic En.   Total Energy  Conserved En.    Temperature
   -7.12266e+06    1.61798e+06   -5.50468e+06   -5.59005e+06    3.10379e+02
 Pressure (bar)   Constr. rmsd
    1.30908e+01    1.41638e-05

           Step           Time
           3300        6.60000

   Energies (kJ/mol)
            U-B    Proper Dih.  Improper Dih.      CMAP Dih.          LJ-14
    3.23959e+05    2.45775e+05    4.40957e+03   -1.05342e+03    4.96399e+04
     Coulomb-14        LJ (SR)   Coulomb (SR)   Coul. recip. Position Rest.
   -2.38325e+05    4.82370e+05   -8.02235e+06    3.03188e+04    3.79495e+03
      Potential    Kinetic En.   Total Energy  Conserved En.    Temperature
   -7.12146e+06    1.61305e+06   -5.50841e+06   -5.58976e+06    3.09434e+02
 Pressure (bar)   Constr. rmsd
    2.77675e+01    1.39736e-05

Writing checkpoint, step 3360 at Thu Jun 24 15:18:42 2021


           Step           Time
           3400        6.80000

   Energies (kJ/mol)
            U-B    Proper Dih.  Improper Dih.      CMAP Dih.          LJ-14
    3.29133e+05    2.46960e+05    4.39871e+03   -1.11624e+03    4.96122e+04
     Coulomb-14        LJ (SR)   Coulomb (SR)   Coul. recip. Position Rest.
   -2.37958e+05    4.78631e+05   -8.01551e+06    3.02213e+04    3.99229e+03
      Potential    Kinetic En.   Total Energy  Conserved En.    Temperature
   -7.11163e+06    1.61924e+06   -5.49239e+06   -5.58978e+06    3.10621e+02
 Pressure (bar)   Constr. rmsd
   -1.09083e+02    1.42952e-05

           Step           Time
           3500        7.00000

   Energies (kJ/mol)
            U-B    Proper Dih.  Improper Dih.      CMAP Dih.          LJ-14
    3.25467e+05    2.45828e+05    4.44359e+03   -1.27459e+03    4.99394e+04
     Coulomb-14        LJ (SR)   Coulomb (SR)   Coul. recip. Position Rest.
   -2.38138e+05    4.80201e+05   -8.01568e+06    3.02439e+04    3.90591e+03
      Potential    Kinetic En.   Total Energy  Conserved En.    Temperature
   -7.11506e+06    1.61470e+06   -5.50037e+06   -5.59052e+06    3.09749e+02
 Pressure (bar)   Constr. rmsd
   -1.13950e+02    1.38660e-05

Writing checkpoint, step 3520 at Thu Jun 24 15:33:55 2021


           Step           Time
           3600        7.20000

   Energies (kJ/mol)
            U-B    Proper Dih.  Improper Dih.      CMAP Dih.          LJ-14
    3.26964e+05    2.45563e+05    4.53081e+03   -1.15704e+03    4.97583e+04
     Coulomb-14        LJ (SR)   Coulomb (SR)   Coul. recip. Position Rest.
   -2.38081e+05    4.82635e+05   -8.01560e+06    3.02545e+04    3.88349e+03
      Potential    Kinetic En.   Total Energy  Conserved En.    Temperature
   -7.11125e+06    1.61386e+06   -5.49739e+06   -5.58970e+06    3.09589e+02
 Pressure (bar)   Constr. rmsd
   -7.76548e+01    1.40241e-05

Writing checkpoint, step 3680 at Thu Jun 24 15:49:04 2021


           Step           Time
           3700        7.40000

   Energies (kJ/mol)
            U-B    Proper Dih.  Improper Dih.      CMAP Dih.          LJ-14
    3.28748e+05    2.46049e+05    4.62914e+03   -1.13952e+03    4.95336e+04
     Coulomb-14        LJ (SR)   Coulomb (SR)   Coul. recip. Position Rest.
   -2.38626e+05    4.84501e+05   -8.01442e+06    3.02985e+04    4.04391e+03
      Potential    Kinetic En.   Total Energy  Conserved En.    Temperature
   -7.10638e+06    1.61921e+06   -5.48717e+06   -5.59051e+06    3.10614e+02
 Pressure (bar)   Constr. rmsd
   -9.69991e+01    1.41199e-05

           Step           Time
           3800        7.60000

   Energies (kJ/mol)
            U-B    Proper Dih.  Improper Dih.      CMAP Dih.          LJ-14
    3.23464e+05    2.45572e+05    4.40777e+03   -1.04270e+03    4.97983e+04
     Coulomb-14        LJ (SR)   Coulomb (SR)   Coul. recip. Position Rest.
   -2.38430e+05    4.79388e+05   -8.01092e+06    3.01369e+04    3.88193e+03
      Potential    Kinetic En.   Total Energy  Conserved En.    Temperature
   -7.11375e+06    1.61523e+06   -5.49852e+06   -5.59046e+06    3.09851e+02
 Pressure (bar)   Constr. rmsd
   -1.39677e+02    1.37433e-05

Writing checkpoint, step 3840 at Thu Jun 24 16:05:12 2021


           Step           Time
           3900        7.80000

   Energies (kJ/mol)
            U-B    Proper Dih.  Improper Dih.      CMAP Dih.          LJ-14
    3.28620e+05    2.45751e+05    4.37717e+03   -1.27472e+03    4.97058e+04
     Coulomb-14        LJ (SR)   Coulomb (SR)   Coul. recip. Position Rest.
   -2.38921e+05    4.85796e+05   -8.01334e+06    3.02833e+04    4.00286e+03
      Potential    Kinetic En.   Total Energy  Conserved En.    Temperature
   -7.10500e+06    1.61736e+06   -5.48764e+06   -5.59016e+06    3.10259e+02
 Pressure (bar)   Constr. rmsd
   -1.15681e+02    1.43149e-05

Writing checkpoint, step 3920 at Thu Jun 24 16:12:46 2021


           Step           Time
           4000        8.00000

   Energies (kJ/mol)
            U-B    Proper Dih.  Improper Dih.      CMAP Dih.          LJ-14
    3.25344e+05    2.45424e+05    4.24717e+03   -1.16856e+03    4.95898e+04
     Coulomb-14        LJ (SR)   Coulomb (SR)   Coul. recip. Position Rest.
   -2.38366e+05    4.84202e+05   -8.01506e+06    3.01623e+04    3.86049e+03
      Potential    Kinetic En.   Total Energy  Conserved En.    Temperature
   -7.11177e+06    1.61384e+06   -5.49793e+06   -5.59103e+06    3.09584e+02
 Pressure (bar)   Constr. rmsd
   -1.44120e+02    1.39748e-05

           Step           Time
           4100        8.20000

   Energies (kJ/mol)
            U-B    Proper Dih.  Improper Dih.      CMAP Dih.          LJ-14
    3.26900e+05    2.45721e+05    4.35500e+03   -1.24044e+03    4.97062e+04
     Coulomb-14        LJ (SR)   Coulomb (SR)   Coul. recip. Position Rest.
   -2.38783e+05    4.95062e+05   -8.02873e+06    3.03478e+04    3.87508e+03
      Potential    Kinetic En.   Total Energy  Conserved En.    Temperature
   -7.11279e+06    1.61490e+06   -5.49789e+06   -5.59007e+06    3.09788e+02
 Pressure (bar)   Constr. rmsd
    4.17238e+01    1.41492e-05

Writing checkpoint, step 4160 at Thu Jun 24 16:28:42 2021


           Step           Time
           4200        8.40000

   Energies (kJ/mol)
            U-B    Proper Dih.  Improper Dih.      CMAP Dih.          LJ-14
    3.27544e+05    2.45785e+05    4.36028e+03   -1.17443e+03    5.00440e+04
     Coulomb-14        LJ (SR)   Coulomb (SR)   Coul. recip. Position Rest.
   -2.38391e+05    4.85440e+05   -8.02114e+06    3.03700e+04    4.01685e+03
      Potential    Kinetic En.   Total Energy  Conserved En.    Temperature
   -7.11315e+06    1.62207e+06   -5.49108e+06   -5.59093e+06    3.11163e+02
 Pressure (bar)   Constr. rmsd
   -1.28178e+02    1.43066e-05

           Step           Time
           4300        8.60000

   Energies (kJ/mol)
            U-B    Proper Dih.  Improper Dih.      CMAP Dih.          LJ-14
    3.26271e+05    2.45432e+05    4.30198e+03   -1.21832e+03    4.92820e+04
     Coulomb-14        LJ (SR)   Coulomb (SR)   Coul. recip. Position Rest.
   -2.39355e+05    4.88681e+05   -8.02601e+06    3.01481e+04    3.91067e+03
      Potential    Kinetic En.   Total Energy  Conserved En.    Temperature
   -7.11855e+06    1.61351e+06   -5.50504e+06   -5.59075e+06    3.09522e+02
 Pressure (bar)   Constr. rmsd
   -1.23803e+02    1.40779e-05

           Step           Time
           4400        8.80000

   Energies (kJ/mol)
            U-B    Proper Dih.  Improper Dih.      CMAP Dih.          LJ-14
    3.28641e+05    2.46388e+05    4.52106e+03   -1.11588e+03    4.95672e+04
     Coulomb-14        LJ (SR)   Coulomb (SR)   Coul. recip. Position Rest.
   -2.39013e+05    4.88719e+05   -8.02282e+06    3.03779e+04    3.98949e+03
      Potential    Kinetic En.   Total Energy  Conserved En.    Temperature
   -7.11074e+06    1.61735e+06   -5.49340e+06   -5.59039e+06    3.10257e+02
 Pressure (bar)   Constr. rmsd
   -6.58191e+01    1.42753e-05

Writing checkpoint, step 4480 at Thu Jun 24 16:43:01 2021


           Step           Time
           4500        9.00000

   Energies (kJ/mol)
            U-B    Proper Dih.  Improper Dih.      CMAP Dih.          LJ-14
    3.25809e+05    2.45774e+05    4.48183e+03   -1.25281e+03    4.93497e+04
     Coulomb-14        LJ (SR)   Coulomb (SR)   Coul. recip. Position Rest.
   -2.39749e+05    4.85317e+05   -8.02096e+06    3.01095e+04    3.83857e+03
      Potential    Kinetic En.   Total Energy  Conserved En.    Temperature
   -7.11729e+06    1.61489e+06   -5.50240e+06   -5.59114e+06    3.09786e+02
 Pressure (bar)   Constr. rmsd
   -6.19658e+01    1.39600e-05

           Step           Time
           4600        9.20000

   Energies (kJ/mol)
            U-B    Proper Dih.  Improper Dih.      CMAP Dih.          LJ-14
    3.25089e+05    2.45898e+05    4.42371e+03   -1.24376e+03    4.97858e+04
     Coulomb-14        LJ (SR)   Coulomb (SR)   Coul. recip. Position Rest.
   -2.38536e+05    4.87991e+05   -8.02720e+06    3.01981e+04    3.99595e+03
      Potential    Kinetic En.   Total Energy  Conserved En.    Temperature
   -7.11960e+06    1.61543e+06   -5.50418e+06   -5.59055e+06    3.09889e+02
 Pressure (bar)   Constr. rmsd
    1.40030e+01    1.38497e-05

           Step           Time
           4700        9.40000

   Energies (kJ/mol)
            U-B    Proper Dih.  Improper Dih.      CMAP Dih.          LJ-14
    3.26741e+05    2.46039e+05    4.44304e+03   -1.23445e+03    5.00558e+04
     Coulomb-14        LJ (SR)   Coulomb (SR)   Coul. recip. Position Rest.
   -2.38996e+05    4.90746e+05   -8.03268e+06    3.01883e+04    4.07925e+03
      Potential    Kinetic En.   Total Energy  Conserved En.    Temperature
   -7.12062e+06    1.61912e+06   -5.50150e+06   -5.59121e+06    3.10598e+02
 Pressure (bar)   Constr. rmsd
    4.92643e+01    1.41116e-05

           Step           Time
           4800        9.60000

Writing checkpoint, step 4800 at Thu Jun 24 16:57:22 2021


   Energies (kJ/mol)
            U-B    Proper Dih.  Improper Dih.      CMAP Dih.          LJ-14
    3.23347e+05    2.45882e+05    4.53442e+03   -1.25714e+03    4.95943e+04
     Coulomb-14        LJ (SR)   Coulomb (SR)   Coul. recip. Position Rest.
   -2.38331e+05    4.93158e+05   -8.03650e+06    3.01519e+04    4.05532e+03
      Potential    Kinetic En.   Total Energy  Conserved En.    Temperature
   -7.12536e+06    1.61654e+06   -5.50883e+06   -5.59119e+06    3.10102e+02
 Pressure (bar)   Constr. rmsd
    6.91272e+01    1.41142e-05

           Step           Time
           4900        9.80000

   Energies (kJ/mol)
            U-B    Proper Dih.  Improper Dih.      CMAP Dih.          LJ-14
    3.28468e+05    2.46440e+05    4.56285e+03   -1.33029e+03    5.00350e+04
     Coulomb-14        LJ (SR)   Coulomb (SR)   Coul. recip. Position Rest.
   -2.38961e+05    4.92800e+05   -8.03990e+06    3.02971e+04    4.03378e+03
      Potential    Kinetic En.   Total Energy  Conserved En.    Temperature
   -7.12355e+06    1.62000e+06   -5.50355e+06   -5.59072e+06    3.10767e+02
 Pressure (bar)   Constr. rmsd
    8.22466e+01    1.40850e-05

           Step           Time
           5000       10.00000

Writing checkpoint, step 5000 at Thu Jun 24 17:06:22 2021


   Energies (kJ/mol)
            U-B    Proper Dih.  Improper Dih.      CMAP Dih.          LJ-14
    3.25437e+05    2.46015e+05    4.29905e+03   -1.17064e+03    4.96564e+04
     Coulomb-14        LJ (SR)   Coulomb (SR)   Coul. recip. Position Rest.
   -2.38300e+05    4.96053e+05   -8.04258e+06    3.00744e+04    4.07911e+03
      Potential    Kinetic En.   Total Energy  Conserved En.    Temperature
   -7.12643e+06    1.61519e+06   -5.51124e+06   -5.59138e+06    3.09844e+02
 Pressure (bar)   Constr. rmsd
    1.04899e+02    1.41145e-05

	<======  ###############  ==>
	<====  A V E R A G E S  ====>
	<==  ###############  ======>

	Statistics over 5001 steps using 51 frames

   Energies (kJ/mol)
            U-B    Proper Dih.  Improper Dih.      CMAP Dih.          LJ-14
    3.26784e+05    2.45839e+05    4.45466e+03   -1.18972e+03    4.97154e+04
     Coulomb-14        LJ (SR)   Coulomb (SR)   Coul. recip. Position Rest.
   -2.38499e+05    4.84139e+05   -8.02486e+06    3.02764e+04    3.83248e+03
      Potential    Kinetic En.   Total Energy  Conserved En.    Temperature
   -7.11951e+06    1.61611e+06   -5.50340e+06   -5.58945e+06    3.10020e+02
 Pressure (bar)   Constr. rmsd
    1.06983e+01    0.00000e+00

          Box-X          Box-Y          Box-Z
    1.76178e+01    1.76178e+01    1.97593e+01

   Total Virial (kJ/mol)
    5.33796e+05    8.01452e+02   -8.55098e+02
    7.82015e+02    5.36763e+05   -2.24084e+03
   -8.83702e+02   -2.30144e+03    5.42271e+05

   Pressure (bar)
    1.85309e+01   -3.17213e+00    3.85511e+00
   -3.06825e+00    2.21140e+00    1.29289e+01
    4.01197e+00    1.32537e+01    1.13526e+01

 T-Protein_POPCT-Water_and_ions
    3.10062e+02    3.10009e+02


	M E G A - F L O P S   A C C O U N T I N G

 NB=Group-cutoff nonbonded kernels    NxN=N-by-N cluster Verlet kernels
 RF=Reaction-Field  VdW=Van der Waals  QSTab=quadratic-spline table
 W3=SPC/TIP3p  W4=TIP4p (single or pairs)
 V&F=Potential and force  V=Potential only  F=Force only

 Computing:                               M-Number         M-Flops  % Flops
-----------------------------------------------------------------------------
 Pair Search distance check           26914.908024      242234.172     0.2
 NxN QSTab Elec. + LJ [F]           2398469.593192    98337253.321    92.4
 NxN QSTab Elec. + LJ [V&F]           24719.601736     1458456.502     1.4
 NxN QSTab Elec. [F]                  12037.278040      409267.453     0.4
 NxN QSTab Elec. [V&F]                  124.165720        5090.795     0.0
 1,4 nonbonded interactions            1800.495027      162044.552     0.2
 Calc Weights                          9393.813387      338177.282     0.3
 Spread Q Bspline                    200401.352256      400802.705     0.4
 Gather F Bspline                    200401.352256     1202408.114     1.1
 3D-FFT                              331062.559272     2648500.474     2.5
 Solve PME                               62.732544        4014.883     0.0
 Shift-X                                 39.446127         236.677     0.0
 Propers                               2137.492413      489485.763     0.5
 Impropers                               21.909381        4557.151     0.0
 Pos. Restr.                             38.902779        1945.139     0.0
 Virial                                 626.800174       11282.403     0.0
 Stop-CM                                 31.932579         319.326     0.0
 Calc-Ekin                             1253.510258       33844.777     0.0
 Lincs                                  674.729919       40483.795     0.0
 Lincs-Mat                            15474.754332       61899.017     0.1
 Constraint-V                          3797.559360       30380.475     0.0
 Constraint-Vir                         625.065441       15001.571     0.0
 Settle                                 816.033174      263578.715     0.2
 CMAP                                     4.905981        8340.168     0.0
 Urey-Bradley                          1289.562861      235990.004     0.2
-----------------------------------------------------------------------------
 Total                                               106405595.233   100.0
-----------------------------------------------------------------------------


     R E A L   C Y C L E   A N D   T I M E   A C C O U N T I N G

On 1 MPI rank, each using 4 OpenMP threads

 Computing:          Num   Num      Call    Wall time         Giga-Cycles
                     Ranks Threads  Count      (s)         total sum    %
-----------------------------------------------------------------------------
 Neighbor search        1    4         63      83.708       1237.534   0.3
 Force                  1    4       5001   22268.691     329220.301  83.5
 PME mesh               1    4       5001    2047.693      30273.096   7.7
 NB X/F buffer ops.     1    4       9939     492.141       7275.810   1.8
 Write traj.            1    4         74      36.737        543.120   0.1
 Update                 1    4       5001     317.887       4699.639   1.2
 Constraints            1    4       5001    1284.743      18993.636   4.8
 Rest                                         135.425       2002.126   0.5
-----------------------------------------------------------------------------
 Total                                      26667.025     394245.261 100.0
-----------------------------------------------------------------------------
 Breakdown of PME mesh computation
-----------------------------------------------------------------------------
 PME spread             1    4       5001     749.976      11087.648   2.8
 PME gather             1    4       5001     803.844      11884.036   3.0
 PME 3D-FFT             1    4      10002     406.318       6007.005   1.5
 PME solve Elec         1    4       5001      15.570        230.181   0.1
-----------------------------------------------------------------------------

               Core t (s)   Wall t (s)        (%)
       Time:   106668.100    26667.025      400.0
                         7h24:27
                 (ns/day)    (hour/ns)
Performance:        0.032      740.603
Finished mdrun on rank 0 Thu Jun 24 17:06:25 2021
