Log file opened on Wed Jun 23 21:44:28 2021
Host: UK-2016600318  pid: 114  rank ID: 0  number of ranks:  1
                      :-) GROMACS - gmx mdrun, 2018.8 (-:

                            GROMACS is written by:
     Emile Apol      Rossen Apostolov      Paul Bauer     Herman J.C. Berendsen
    Par Bjelkmar    Aldert van Buuren   Rudi van Drunen     Anton Feenstra  
  Gerrit Groenhof    Aleksei Iupinov   Christoph Junghans   Anca Hamuraru   
 Vincent Hindriksen Dimitrios Karkoulis    Peter Kasson        Jiri Kraus    
  Carsten Kutzner      Per Larsson      Justin A. Lemkul    Viveca Lindahl  
  Magnus Lundborg   Pieter Meulenhoff    Erik Marklund      Teemu Murtola   
    Szilard Pall       Sander Pronk      Roland Schulz     Alexey Shvetsov  
   Michael Shirts     Alfons Sijbers     Peter Tieleman    Teemu Virolainen 
 Christian Wennberg    Maarten Wolf   
                           and the project leaders:
        Mark Abraham, Berk Hess, Erik Lindahl, and David van der Spoel

Copyright (c) 1991-2000, University of Groningen, The Netherlands.
Copyright (c) 2001-2017, The GROMACS development team at
Uppsala University, Stockholm University and
the Royal Institute of Technology, Sweden.
check out http://www.gromacs.org for more information.

GROMACS is free software; you can redistribute it and/or modify it
under the terms of the GNU Lesser General Public License
as published by the Free Software Foundation; either version 2.1
of the License, or (at your option) any later version.

GROMACS:      gmx mdrun, version 2018.8
Executable:   /usr/local/gromacs/bin/gmx
Data prefix:  /usr/local/gromacs
Working dir:  /mnt/c/Aparna/HP2X4_FINAL/10ps_membraneproteinruns/4.NVT
Command line:
  gmx mdrun -deffnm nvt

GROMACS version:    2018.8
Precision:          single
Memory model:       64 bit
MPI library:        thread_mpi
OpenMP support:     enabled (GMX_OPENMP_MAX_THREADS = 64)
GPU support:        disabled
SIMD instructions:  NONE
FFT library:        fftw-3.3.8-sse2-avx
RDTSCP usage:       disabled
TNG support:        enabled
Hwloc support:      disabled
Tracing support:    disabled
Built on:           2021-05-10 14:36:41
Built by:           root@UK-2016600318 [CMAKE]
Build OS/arch:      Linux 4.4.0-18362-Microsoft x86_64
Build CPU vendor:   Unknown
Build CPU brand:    Unknown
Build CPU family:   0   Model: 0   Stepping: 0
Build CPU features: Unknown
C compiler:         /usr/bin/gcc GNU 9.3.0
C compiler flags:        -O3 -DNDEBUG -funroll-all-loops -fexcess-precision=fast  
C++ compiler:       /usr/bin/c++ GNU 9.3.0
C++ compiler flags:     -std=c++11   -O3 -DNDEBUG -funroll-all-loops -fexcess-precision=fast  


Running on 1 node with total 4 cores, 4 logical cores
Hardware detected:
  CPU info:
    Vendor: Intel
    Brand:  Intel(R) Core(TM) i3-6100 CPU @ 3.70GHz
    Family: 6   Model: 94   Stepping: 3
    Features: aes apic avx avx2 clfsh cmov cx8 cx16 f16c fma htt intel lahf mmx msr nonstop_tsc pcid pclmuldq pdcm pdpe1gb popcnt pse rdrnd rdtscp sse2 sse3 sse4.1 sse4.2 ssse3 tdt x2apic
  Hardware topology: Only logical processor count

Highest SIMD level requested by all nodes in run: AVX2_256
SIMD instructions selected at compile time:       None
This program was compiled for different hardware than you are running on,
which could influence performance.
The current CPU can measure timings more accurately than the code in
gmx mdrun was configured to use. This might affect your simulation
speed as accurate timings are needed for load-balancing.
Please consider rebuilding gmx mdrun with the GMX_USE_RDTSCP=ON CMake option.

++++ PLEASE READ AND CITE THE FOLLOWING REFERENCE ++++
M. J. Abraham, T. Murtola, R. Schulz, S. Páll, J. C. Smith, B. Hess, E.
Lindahl
GROMACS: High performance molecular simulations through multi-level
parallelism from laptops to supercomputers
SoftwareX 1 (2015) pp. 19-25
-------- -------- --- Thank You --- -------- --------


++++ PLEASE READ AND CITE THE FOLLOWING REFERENCE ++++
S. Páll, M. J. Abraham, C. Kutzner, B. Hess, E. Lindahl
Tackling Exascale Software Challenges in Molecular Dynamics Simulations with
GROMACS
In S. Markidis & E. Laure (Eds.), Solving Software Challenges for Exascale 8759 (2015) pp. 3-27
-------- -------- --- Thank You --- -------- --------


++++ PLEASE READ AND CITE THE FOLLOWING REFERENCE ++++
S. Pronk, S. Páll, R. Schulz, P. Larsson, P. Bjelkmar, R. Apostolov, M. R.
Shirts, J. C. Smith, P. M. Kasson, D. van der Spoel, B. Hess, and E. Lindahl
GROMACS 4.5: a high-throughput and highly parallel open source molecular
simulation toolkit
Bioinformatics 29 (2013) pp. 845-54
-------- -------- --- Thank You --- -------- --------


++++ PLEASE READ AND CITE THE FOLLOWING REFERENCE ++++
B. Hess and C. Kutzner and D. van der Spoel and E. Lindahl
GROMACS 4: Algorithms for highly efficient, load-balanced, and scalable
molecular simulation
J. Chem. Theory Comput. 4 (2008) pp. 435-447
-------- -------- --- Thank You --- -------- --------


++++ PLEASE READ AND CITE THE FOLLOWING REFERENCE ++++
D. van der Spoel, E. Lindahl, B. Hess, G. Groenhof, A. E. Mark and H. J. C.
Berendsen
GROMACS: Fast, Flexible and Free
J. Comp. Chem. 26 (2005) pp. 1701-1719
-------- -------- --- Thank You --- -------- --------


++++ PLEASE READ AND CITE THE FOLLOWING REFERENCE ++++
E. Lindahl and B. Hess and D. van der Spoel
GROMACS 3.0: A package for molecular simulation and trajectory analysis
J. Mol. Mod. 7 (2001) pp. 306-317
-------- -------- --- Thank You --- -------- --------


++++ PLEASE READ AND CITE THE FOLLOWING REFERENCE ++++
H. J. C. Berendsen, D. van der Spoel and R. van Drunen
GROMACS: A message-passing parallel molecular dynamics implementation
Comp. Phys. Comm. 91 (1995) pp. 43-56
-------- -------- --- Thank You --- -------- --------

Input Parameters:
   integrator                     = md
   tinit                          = 0
   dt                             = 0.002
   nsteps                         = 5000
   init-step                      = 0
   simulation-part                = 1
   comm-mode                      = Linear
   nstcomm                        = 100
   bd-fric                        = 0
   ld-seed                        = -1217248995
   emtol                          = 10
   emstep                         = 0.01
   niter                          = 20
   fcstep                         = 0
   nstcgsteep                     = 1000
   nbfgscorr                      = 10
   rtpi                           = 0.05
   nstxout                        = 100
   nstvout                        = 100
   nstfout                        = 0
   nstlog                         = 100
   nstcalcenergy                  = 100
   nstenergy                      = 100
   nstxout-compressed             = 0
   compressed-x-precision         = 1000
   cutoff-scheme                  = Verlet
   nstlist                        = 5
   ns-type                        = Grid
   pbc                            = xyz
   periodic-molecules             = false
   verlet-buffer-tolerance        = 0.005
   rlist                          = 1.2
   coulombtype                    = PME
   coulomb-modifier               = Potential-shift
   rcoulomb-switch                = 0
   rcoulomb                       = 1.2
   epsilon-r                      = 1
   epsilon-rf                     = inf
   vdw-type                       = Cut-off
   vdw-modifier                   = Potential-shift
   rvdw-switch                    = 0
   rvdw                           = 1.2
   DispCorr                       = No
   table-extension                = 1
   fourierspacing                 = 0.16
   fourier-nx                     = 112
   fourier-ny                     = 112
   fourier-nz                     = 128
   pme-order                      = 4
   ewald-rtol                     = 1e-05
   ewald-rtol-lj                  = 0.001
   lj-pme-comb-rule               = Geometric
   ewald-geometry                 = 0
   epsilon-surface                = 0
   implicit-solvent               = No
   gb-algorithm                   = Still
   nstgbradii                     = 1
   rgbradii                       = 1
   gb-epsilon-solvent             = 80
   gb-saltconc                    = 0
   gb-obc-alpha                   = 1
   gb-obc-beta                    = 0.8
   gb-obc-gamma                   = 4.85
   gb-dielectric-offset           = 0.009
   sa-algorithm                   = Ace-approximation
   sa-surface-tension             = 2.05016
   tcoupl                         = V-rescale
   nsttcouple                     = 5
   nh-chain-length                = 0
   print-nose-hoover-chain-variables = false
   pcoupl                         = No
   pcoupltype                     = Isotropic
   nstpcouple                     = -1
   tau-p                          = 1
   compressibility (3x3):
      compressibility[    0]={ 0.00000e+00,  0.00000e+00,  0.00000e+00}
      compressibility[    1]={ 0.00000e+00,  0.00000e+00,  0.00000e+00}
      compressibility[    2]={ 0.00000e+00,  0.00000e+00,  0.00000e+00}
   ref-p (3x3):
      ref-p[    0]={ 0.00000e+00,  0.00000e+00,  0.00000e+00}
      ref-p[    1]={ 0.00000e+00,  0.00000e+00,  0.00000e+00}
      ref-p[    2]={ 0.00000e+00,  0.00000e+00,  0.00000e+00}
   refcoord-scaling               = No
   posres-com (3):
      posres-com[0]= 0.00000e+00
      posres-com[1]= 0.00000e+00
      posres-com[2]= 0.00000e+00
   posres-comB (3):
      posres-comB[0]= 0.00000e+00
      posres-comB[1]= 0.00000e+00
      posres-comB[2]= 0.00000e+00
   QMMM                           = false
   QMconstraints                  = 0
   QMMMscheme                     = 0
   MMChargeScaleFactor            = 1
qm-opts:
   ngQM                           = 0
   constraint-algorithm           = Lincs
   continuation                   = false
   Shake-SOR                      = false
   shake-tol                      = 0.0001
   lincs-order                    = 4
   lincs-iter                     = 1
   lincs-warnangle                = 30
   nwall                          = 0
   wall-type                      = 9-3
   wall-r-linpot                  = -1
   wall-atomtype[0]               = -1
   wall-atomtype[1]               = -1
   wall-density[0]                = 0
   wall-density[1]                = 0
   wall-ewald-zfac                = 3
   pull                           = false
   awh                            = false
   rotation                       = false
   interactiveMD                  = false
   disre                          = No
   disre-weighting                = Conservative
   disre-mixed                    = false
   dr-fc                          = 1000
   dr-tau                         = 0
   nstdisreout                    = 100
   orire-fc                       = 0
   orire-tau                      = 0
   nstorireout                    = 100
   free-energy                    = no
   cos-acceleration               = 0
   deform (3x3):
      deform[    0]={ 0.00000e+00,  0.00000e+00,  0.00000e+00}
      deform[    1]={ 0.00000e+00,  0.00000e+00,  0.00000e+00}
      deform[    2]={ 0.00000e+00,  0.00000e+00,  0.00000e+00}
   simulated-tempering            = false
   swapcoords                     = no
   userint1                       = 0
   userint2                       = 0
   userint3                       = 0
   userint4                       = 0
   userreal1                      = 0
   userreal2                      = 0
   userreal3                      = 0
   userreal4                      = 0
   applied-forces:
     electric-field:
       x:
         E0                       = 0
         omega                    = 0
         t0                       = 0
         sigma                    = 0
       y:
         E0                       = 0
         omega                    = 0
         t0                       = 0
         sigma                    = 0
       z:
         E0                       = 0
         omega                    = 0
         t0                       = 0
         sigma                    = 0
grpopts:
   nrdf:      271896      982044
   ref-t:         310         310
   tau-t:         0.1         0.1
annealing:          No          No
annealing-npoints:           0           0
   acc:	           0           0           0
   nfreeze:           N           N           N
   energygrp-flags[  0]: 0

Changing nstlist from 5 to 80, rlist from 1.2 to 1.312


Using 1 MPI thread
Using 4 OpenMP threads 

Pinning threads with an auto-selected logical core stride of 1
System total charge: 23.000
Will do PME sum in reciprocal space for electrostatic interactions.

++++ PLEASE READ AND CITE THE FOLLOWING REFERENCE ++++
U. Essmann, L. Perera, M. L. Berkowitz, T. Darden, H. Lee and L. G. Pedersen 
A smooth particle mesh Ewald method
J. Chem. Phys. 103 (1995) pp. 8577-8592
-------- -------- --- Thank You --- -------- --------

Using a Gaussian width (1/beta) of 0.384195 nm for Ewald
Potential shift: LJ r^-12: -1.122e-01 r^-6: -3.349e-01, Ewald -8.333e-06
Initialized non-bonded Ewald correction tables, spacing: 1.02e-03 size: 1176

Generated table with 1156 data points for 1-4 COUL.
Tabscale = 500 points/nm
Generated table with 1156 data points for 1-4 LJ6.
Tabscale = 500 points/nm
Generated table with 1156 data points for 1-4 LJ12.
Tabscale = 500 points/nm

Using plain C 4x4 nonbonded short-range kernels

WARNING: Using the slow plain C kernels. This should
not happen during routine usage on supported platforms.

Using a dual 4x4 pair-list setup updated with dynamic pruning:
  outer list: updated every 80 steps, buffer 0.112 nm, rlist 1.312 nm
  inner list: updated every 14 steps, buffer 0.002 nm, rlist 1.202 nm
At tolerance 0.005 kJ/mol/ps per atom, equivalent classical 1x1 list would be:
  outer list: updated every 80 steps, buffer 0.260 nm, rlist 1.460 nm
  inner list: updated every 14 steps, buffer 0.056 nm, rlist 1.256 nm

Using full Lennard-Jones parameter combination matrix

Removing pbc first time

Initializing LINear Constraint Solver

++++ PLEASE READ AND CITE THE FOLLOWING REFERENCE ++++
B. Hess and H. Bekker and H. J. C. Berendsen and J. G. E. M. Fraaije
LINCS: A Linear Constraint Solver for molecular simulations
J. Comp. Chem. 18 (1997) pp. 1463-1472
-------- -------- --- Thank You --- -------- --------

The number of constraints is 134919

++++ PLEASE READ AND CITE THE FOLLOWING REFERENCE ++++
S. Miyamoto and P. A. Kollman
SETTLE: An Analytical Version of the SHAKE and RATTLE Algorithms for Rigid
Water Models
J. Comp. Chem. 13 (1992) pp. 952-962
-------- -------- --- Thank You --- -------- --------


Intra-simulation communication will occur every 5 steps.
Center of mass motion removal mode is Linear
We have the following groups for center of mass motion removal:
  0:  Protein_POPC
  1:  Water_and_ions

++++ PLEASE READ AND CITE THE FOLLOWING REFERENCE ++++
G. Bussi, D. Donadio and M. Parrinello
Canonical sampling through velocity rescaling
J. Chem. Phys. 126 (2007) pp. 014101
-------- -------- --- Thank You --- -------- --------

There are: 626129 Atoms

Constraining the starting coordinates (step 0)

Constraining the coordinates at t0-dt (step 0)
RMS relative constraint deviation after constraining: 1.89e-05
Initial temperature: 310.271 K

Started mdrun on rank 0 Wed Jun 23 21:44:30 2021
           Step           Time
              0        0.00000

   Energies (kJ/mol)
            U-B    Proper Dih.  Improper Dih.      CMAP Dih.          LJ-14
    9.42314e+04    2.07546e+05    7.89059e+02   -1.52471e+03    3.35271e+04
     Coulomb-14        LJ (SR)   Coulomb (SR)   Coul. recip. Position Rest.
   -2.39261e+05    7.46149e+05   -9.85739e+06    1.79007e+04    1.65106e+01
      Potential    Kinetic En.   Total Energy  Conserved En.    Temperature
   -8.99802e+06    1.61771e+06   -7.38031e+06   -7.38031e+06    3.10327e+02
 Pressure (bar)   Constr. rmsd
   -3.95196e+03    3.01108e-05

           Step           Time
            100        0.20000

   Energies (kJ/mol)
            U-B    Proper Dih.  Improper Dih.      CMAP Dih.          LJ-14
    2.83328e+05    2.40001e+05    3.80988e+03   -1.09749e+03    4.76469e+04
     Coulomb-14        LJ (SR)   Coulomb (SR)   Coul. recip. Position Rest.
   -2.37299e+05    6.26520e+05   -8.65048e+06    2.53794e+04    3.39855e+03
      Potential    Kinetic En.   Total Energy  Conserved En.    Temperature
   -7.65879e+06    1.27745e+06   -6.38135e+06   -7.35812e+06    2.45054e+02
 Pressure (bar)   Constr. rmsd
    6.86921e+02    1.32824e-05

           Step           Time
            200        0.40000

   Energies (kJ/mol)
            U-B    Proper Dih.  Improper Dih.      CMAP Dih.          LJ-14
    3.07086e+05    2.45271e+05    4.22069e+03   -1.17264e+03    4.95187e+04
     Coulomb-14        LJ (SR)   Coulomb (SR)   Coul. recip. Position Rest.
   -2.36389e+05    6.09532e+05   -8.43917e+06    2.73086e+04    4.11715e+03
      Potential    Kinetic En.   Total Energy  Conserved En.    Temperature
   -7.42968e+06    1.47996e+06   -5.94973e+06   -7.35818e+06    2.83902e+02
 Pressure (bar)   Constr. rmsd
    1.27029e+03    1.41112e-05

Writing checkpoint, step 240 at Wed Jun 23 22:01:01 2021


           Step           Time
            300        0.60000

   Energies (kJ/mol)
            U-B    Proper Dih.  Improper Dih.      CMAP Dih.          LJ-14
    3.17286e+05    2.48023e+05    4.25118e+03   -1.14275e+03    5.03175e+04
     Coulomb-14        LJ (SR)   Coulomb (SR)   Coul. recip. Position Rest.
   -2.38160e+05    5.75022e+05   -8.29990e+06    2.80288e+04    3.94684e+03
      Potential    Kinetic En.   Total Energy  Conserved En.    Temperature
   -7.31233e+06    1.55412e+06   -5.75821e+06   -7.35818e+06    2.98128e+02
 Pressure (bar)   Constr. rmsd
    1.53762e+03    1.43501e-05

           Step           Time
            400        0.80000

Writing checkpoint, step 400 at Wed Jun 23 22:17:07 2021


   Energies (kJ/mol)
            U-B    Proper Dih.  Improper Dih.      CMAP Dih.          LJ-14
    3.20110e+05    2.48936e+05    4.61364e+03   -9.60735e+02    5.04199e+04
     Coulomb-14        LJ (SR)   Coulomb (SR)   Coul. recip. Position Rest.
   -2.37423e+05    5.48609e+05   -8.21852e+06    2.86009e+04    4.06752e+03
      Potential    Kinetic En.   Total Energy  Conserved En.    Temperature
   -7.25154e+06    1.58625e+06   -5.66530e+06   -7.35841e+06    3.04291e+02
 Pressure (bar)   Constr. rmsd
    1.42195e+03    1.41228e-05

           Step           Time
            500        1.00000

   Energies (kJ/mol)
            U-B    Proper Dih.  Improper Dih.      CMAP Dih.          LJ-14
    3.22868e+05    2.49207e+05    4.50721e+03   -1.01773e+03    5.06966e+04
     Coulomb-14        LJ (SR)   Coulomb (SR)   Coul. recip. Position Rest.
   -2.35920e+05    5.37668e+05   -8.18288e+06    2.91087e+04    4.40657e+03
      Potential    Kinetic En.   Total Energy  Conserved En.    Temperature
   -7.22135e+06    1.60193e+06   -5.61942e+06   -7.35838e+06    3.07301e+02
 Pressure (bar)   Constr. rmsd
    1.25913e+03    1.42819e-05

Writing checkpoint, step 560 at Wed Jun 23 22:32:46 2021


           Step           Time
            600        1.20000

   Energies (kJ/mol)
            U-B    Proper Dih.  Improper Dih.      CMAP Dih.          LJ-14
    3.22322e+05    2.48554e+05    4.58603e+03   -9.97975e+02    5.06336e+04
     Coulomb-14        LJ (SR)   Coulomb (SR)   Coul. recip. Position Rest.
   -2.37573e+05    5.28074e+05   -8.15723e+06    2.93728e+04    4.22509e+03
      Potential    Kinetic En.   Total Energy  Conserved En.    Temperature
   -7.20803e+06    1.61021e+06   -5.59783e+06   -7.35848e+06    3.08888e+02
 Pressure (bar)   Constr. rmsd
    1.33977e+03    1.40644e-05

           Step           Time
            700        1.40000

   Energies (kJ/mol)
            U-B    Proper Dih.  Improper Dih.      CMAP Dih.          LJ-14
    3.22239e+05    2.48915e+05    4.55701e+03   -1.07824e+03    5.03317e+04
     Coulomb-14        LJ (SR)   Coulomb (SR)   Coul. recip. Position Rest.
   -2.37296e+05    5.18953e+05   -8.14231e+06    2.93118e+04    4.26296e+03
      Potential    Kinetic En.   Total Energy  Conserved En.    Temperature
   -7.20212e+06    1.61336e+06   -5.58875e+06   -7.35862e+06    3.09493e+02
 Pressure (bar)   Constr. rmsd
    1.28901e+03    1.41200e-05

Writing checkpoint, step 720 at Wed Jun 23 22:48:42 2021


           Step           Time
            800        1.60000

   Energies (kJ/mol)
            U-B    Proper Dih.  Improper Dih.      CMAP Dih.          LJ-14
    3.22024e+05    2.48474e+05    4.43947e+03   -1.15707e+03    5.08268e+04
     Coulomb-14        LJ (SR)   Coulomb (SR)   Coul. recip. Position Rest.
   -2.36947e+05    5.19704e+05   -8.14271e+06    2.88999e+04    4.23239e+03
      Potential    Kinetic En.   Total Energy  Conserved En.    Temperature
   -7.20221e+06    1.61139e+06   -5.59082e+06   -7.35862e+06    3.09116e+02
 Pressure (bar)   Constr. rmsd
    1.16952e+03    1.41102e-05

Writing checkpoint, step 880 at Wed Jun 23 23:05:17 2021


           Step           Time
            900        1.80000

   Energies (kJ/mol)
            U-B    Proper Dih.  Improper Dih.      CMAP Dih.          LJ-14
    3.22251e+05    2.48769e+05    4.54259e+03   -1.01047e+03    5.05530e+04
     Coulomb-14        LJ (SR)   Coulomb (SR)   Coul. recip. Position Rest.
   -2.38529e+05    5.16131e+05   -8.13159e+06    2.94038e+04    4.37978e+03
      Potential    Kinetic En.   Total Energy  Conserved En.    Temperature
   -7.19509e+06    1.61449e+06   -5.58061e+06   -7.35869e+06    3.09709e+02
 Pressure (bar)   Constr. rmsd
    1.25842e+03    1.41259e-05

           Step           Time
           1000        2.00000

   Energies (kJ/mol)
            U-B    Proper Dih.  Improper Dih.      CMAP Dih.          LJ-14
    3.24415e+05    2.48840e+05    4.62891e+03   -1.04591e+03    5.02445e+04
     Coulomb-14        LJ (SR)   Coulomb (SR)   Coul. recip. Position Rest.
   -2.36346e+05    5.13335e+05   -8.13061e+06    2.92467e+04    4.29195e+03
      Potential    Kinetic En.   Total Energy  Conserved En.    Temperature
   -7.19300e+06    1.61252e+06   -5.58048e+06   -7.35857e+06    3.09331e+02
 Pressure (bar)   Constr. rmsd
    1.21343e+03    1.42884e-05

Writing checkpoint, step 1040 at Wed Jun 23 23:21:43 2021


           Step           Time
           1100        2.20000

   Energies (kJ/mol)
            U-B    Proper Dih.  Improper Dih.      CMAP Dih.          LJ-14
    3.24366e+05    2.48762e+05    4.66371e+03   -9.52539e+02    5.02995e+04
     Coulomb-14        LJ (SR)   Coulomb (SR)   Coul. recip. Position Rest.
   -2.36558e+05    5.15132e+05   -8.13085e+06    2.91447e+04    4.31856e+03
      Potential    Kinetic En.   Total Energy  Conserved En.    Temperature
   -7.19168e+06    1.61491e+06   -5.57677e+06   -7.35881e+06    3.09790e+02
 Pressure (bar)   Constr. rmsd
    1.26944e+03    1.42581e-05

           Step           Time
           1200        2.40000

Writing checkpoint, step 1200 at Wed Jun 23 23:38:17 2021


   Energies (kJ/mol)
            U-B    Proper Dih.  Improper Dih.      CMAP Dih.          LJ-14
    3.23460e+05    2.48378e+05    4.45257e+03   -1.00731e+03    5.04771e+04
     Coulomb-14        LJ (SR)   Coulomb (SR)   Coul. recip. Position Rest.
   -2.36733e+05    5.13778e+05   -8.12988e+06    2.91640e+04    4.19639e+03
      Potential    Kinetic En.   Total Energy  Conserved En.    Temperature
   -7.19371e+06    1.61714e+06   -5.57657e+06   -7.35877e+06    3.10218e+02
 Pressure (bar)   Constr. rmsd
    1.26620e+03    1.44252e-05

Writing checkpoint, step 1280 at Wed Jun 23 23:46:26 2021


           Step           Time
           1300        2.60000

   Energies (kJ/mol)
            U-B    Proper Dih.  Improper Dih.      CMAP Dih.          LJ-14
    3.23825e+05    2.47764e+05    4.53563e+03   -1.06333e+03    5.04147e+04
     Coulomb-14        LJ (SR)   Coulomb (SR)   Coul. recip. Position Rest.
   -2.37418e+05    5.16948e+05   -8.13184e+06    2.90944e+04    4.38301e+03
      Potential    Kinetic En.   Total Energy  Conserved En.    Temperature
   -7.19336e+06    1.61330e+06   -5.58006e+06   -7.35892e+06    3.09481e+02
 Pressure (bar)   Constr. rmsd
    1.22089e+03    1.42703e-05

           Step           Time
           1400        2.80000

   Energies (kJ/mol)
            U-B    Proper Dih.  Improper Dih.      CMAP Dih.          LJ-14
    3.24352e+05    2.47847e+05    4.57255e+03   -1.05589e+03    5.03087e+04
     Coulomb-14        LJ (SR)   Coulomb (SR)   Coul. recip. Position Rest.
   -2.37710e+05    5.13617e+05   -8.13155e+06    2.92990e+04    4.21865e+03
      Potential    Kinetic En.   Total Energy  Conserved En.    Temperature
   -7.19610e+06    1.61482e+06   -5.58128e+06   -7.35896e+06    3.09773e+02
 Pressure (bar)   Constr. rmsd
    1.09876e+03    1.43005e-05

Writing checkpoint, step 1440 at Thu Jun 24 00:02:54 2021


           Step           Time
           1500        3.00000

   Energies (kJ/mol)
            U-B    Proper Dih.  Improper Dih.      CMAP Dih.          LJ-14
    3.23506e+05    2.48170e+05    4.68157e+03   -9.84832e+02    5.04254e+04
     Coulomb-14        LJ (SR)   Coulomb (SR)   Coul. recip. Position Rest.
   -2.37811e+05    5.16090e+05   -8.13272e+06    2.91574e+04    4.24401e+03
      Potential    Kinetic En.   Total Energy  Conserved En.    Temperature
   -7.19525e+06    1.61471e+06   -5.58053e+06   -7.35906e+06    3.09752e+02
 Pressure (bar)   Constr. rmsd
    1.27898e+03    1.45652e-05

           Step           Time
           1600        3.20000

Writing checkpoint, step 1600 at Thu Jun 24 00:19:23 2021


   Energies (kJ/mol)
            U-B    Proper Dih.  Improper Dih.      CMAP Dih.          LJ-14
    3.23371e+05    2.48646e+05    4.55679e+03   -1.07350e+03    5.06376e+04
     Coulomb-14        LJ (SR)   Coulomb (SR)   Coul. recip. Position Rest.
   -2.36762e+05    5.18089e+05   -8.13843e+06    2.92818e+04    4.17946e+03
      Potential    Kinetic En.   Total Energy  Conserved En.    Temperature
   -7.19750e+06    1.61588e+06   -5.58162e+06   -7.35910e+06    3.09977e+02
 Pressure (bar)   Constr. rmsd
    1.18694e+03    1.43260e-05

           Step           Time
           1700        3.40000

   Energies (kJ/mol)
            U-B    Proper Dih.  Improper Dih.      CMAP Dih.          LJ-14
    3.24090e+05    2.47831e+05    4.44283e+03   -1.17597e+03    4.96352e+04
     Coulomb-14        LJ (SR)   Coulomb (SR)   Coul. recip. Position Rest.
   -2.36867e+05    5.17899e+05   -8.14076e+06    2.91799e+04    4.16248e+03
      Potential    Kinetic En.   Total Energy  Conserved En.    Temperature
   -7.20157e+06    1.61138e+06   -5.59019e+06   -7.35914e+06    3.09113e+02
 Pressure (bar)   Constr. rmsd
    1.16433e+03    1.44812e-05

Writing checkpoint, step 1760 at Thu Jun 24 00:35:51 2021


           Step           Time
           1800        3.60000

   Energies (kJ/mol)
            U-B    Proper Dih.  Improper Dih.      CMAP Dih.          LJ-14
    3.24318e+05    2.48180e+05    4.49315e+03   -1.13284e+03    5.03907e+04
     Coulomb-14        LJ (SR)   Coulomb (SR)   Coul. recip. Position Rest.
   -2.37956e+05    5.19946e+05   -8.14100e+06    2.91771e+04    4.24050e+03
      Potential    Kinetic En.   Total Energy  Conserved En.    Temperature
   -7.19934e+06    1.61650e+06   -5.58284e+06   -7.35926e+06    3.10095e+02
 Pressure (bar)   Constr. rmsd
    1.28194e+03    1.43333e-05

           Step           Time
           1900        3.80000

   Energies (kJ/mol)
            U-B    Proper Dih.  Improper Dih.      CMAP Dih.          LJ-14
    3.24666e+05    2.47450e+05    4.49149e+03   -9.92039e+02    4.99522e+04
     Coulomb-14        LJ (SR)   Coulomb (SR)   Coul. recip. Position Rest.
   -2.38274e+05    5.16554e+05   -8.13748e+06    2.91713e+04    3.94497e+03
      Potential    Kinetic En.   Total Energy  Conserved En.    Temperature
   -7.20052e+06    1.61511e+06   -5.58540e+06   -7.35936e+06    3.09829e+02
 Pressure (bar)   Constr. rmsd
    1.11134e+03    1.41754e-05

Writing checkpoint, step 1920 at Thu Jun 24 00:52:19 2021


           Step           Time
           2000        4.00000

Writing checkpoint, step 2000 at Thu Jun 24 01:00:37 2021


   Energies (kJ/mol)
            U-B    Proper Dih.  Improper Dih.      CMAP Dih.          LJ-14
    3.25091e+05    2.47309e+05    4.39323e+03   -1.06501e+03    4.97222e+04
     Coulomb-14        LJ (SR)   Coulomb (SR)   Coul. recip. Position Rest.
   -2.38090e+05    5.19302e+05   -8.13315e+06    2.91944e+04    4.26078e+03
      Potential    Kinetic En.   Total Energy  Conserved En.    Temperature
   -7.19304e+06    1.61504e+06   -5.57800e+06   -7.35937e+06    3.09815e+02
 Pressure (bar)   Constr. rmsd
    1.09384e+03    1.44241e-05

           Step           Time
           2100        4.20000

   Energies (kJ/mol)
            U-B    Proper Dih.  Improper Dih.      CMAP Dih.          LJ-14
    3.27002e+05    2.47582e+05    4.76453e+03   -1.12589e+03    4.99862e+04
     Coulomb-14        LJ (SR)   Coulomb (SR)   Coul. recip. Position Rest.
   -2.38552e+05    5.17834e+05   -8.13452e+06    2.90522e+04    4.29820e+03
      Potential    Kinetic En.   Total Energy  Conserved En.    Temperature
   -7.19368e+06    1.61722e+06   -5.57646e+06   -7.35944e+06    3.10233e+02
 Pressure (bar)   Constr. rmsd
    1.14227e+03    1.45465e-05

Writing checkpoint, step 2160 at Thu Jun 24 01:16:59 2021


           Step           Time
           2200        4.40000

   Energies (kJ/mol)
            U-B    Proper Dih.  Improper Dih.      CMAP Dih.          LJ-14
    3.25236e+05    2.47801e+05    4.59999e+03   -1.16608e+03    5.05183e+04
     Coulomb-14        LJ (SR)   Coulomb (SR)   Coul. recip. Position Rest.
   -2.39165e+05    5.16981e+05   -8.13108e+06    2.92772e+04    4.14824e+03
      Potential    Kinetic En.   Total Energy  Conserved En.    Temperature
   -7.19285e+06    1.61809e+06   -5.57476e+06   -7.35950e+06    3.10400e+02
 Pressure (bar)   Constr. rmsd
    1.27555e+03    1.43128e-05

           Step           Time
           2300        4.60000

   Energies (kJ/mol)
            U-B    Proper Dih.  Improper Dih.      CMAP Dih.          LJ-14
    3.26756e+05    2.46714e+05    4.45263e+03   -1.06721e+03    4.97292e+04
     Coulomb-14        LJ (SR)   Coulomb (SR)   Coul. recip. Position Rest.
   -2.39191e+05    5.21594e+05   -8.13812e+06    2.91324e+04    4.17975e+03
      Potential    Kinetic En.   Total Energy  Conserved En.    Temperature
   -7.19582e+06    1.61947e+06   -5.57635e+06   -7.35959e+06    3.10665e+02
 Pressure (bar)   Constr. rmsd
    1.31406e+03    1.39816e-05

Writing checkpoint, step 2320 at Thu Jun 24 01:32:58 2021


           Step           Time
           2400        4.80000

   Energies (kJ/mol)
            U-B    Proper Dih.  Improper Dih.      CMAP Dih.          LJ-14
    3.25220e+05    2.46900e+05    4.38148e+03   -9.82058e+02    5.00865e+04
     Coulomb-14        LJ (SR)   Coulomb (SR)   Coul. recip. Position Rest.
   -2.38787e+05    5.20326e+05   -8.13822e+06    2.92171e+04    4.27996e+03
      Potential    Kinetic En.   Total Energy  Conserved En.    Temperature
   -7.19758e+06    1.61712e+06   -5.58046e+06   -7.35970e+06    3.10214e+02
 Pressure (bar)   Constr. rmsd
    1.11760e+03    1.41444e-05

Writing checkpoint, step 2480 at Thu Jun 24 01:49:15 2021


           Step           Time
           2500        5.00000

   Energies (kJ/mol)
            U-B    Proper Dih.  Improper Dih.      CMAP Dih.          LJ-14
    3.24616e+05    2.46482e+05    4.38180e+03   -1.05686e+03    4.99052e+04
     Coulomb-14        LJ (SR)   Coulomb (SR)   Coul. recip. Position Rest.
   -2.38774e+05    5.22360e+05   -8.13840e+06    2.90425e+04    4.19550e+03
      Potential    Kinetic En.   Total Energy  Conserved En.    Temperature
   -7.19725e+06    1.61577e+06   -5.58148e+06   -7.35971e+06    3.09955e+02
 Pressure (bar)   Constr. rmsd
    1.02492e+03    1.43272e-05

           Step           Time
           2600        5.20000

   Energies (kJ/mol)
            U-B    Proper Dih.  Improper Dih.      CMAP Dih.          LJ-14
    3.26049e+05    2.45924e+05    4.49401e+03   -1.18436e+03    5.00290e+04
     Coulomb-14        LJ (SR)   Coulomb (SR)   Coul. recip. Position Rest.
   -2.37294e+05    5.21712e+05   -8.13889e+06    2.91829e+04    4.08954e+03
      Potential    Kinetic En.   Total Energy  Conserved En.    Temperature
   -7.19589e+06    1.61670e+06   -5.57919e+06   -7.35972e+06    3.10134e+02
 Pressure (bar)   Constr. rmsd
    1.28225e+03    1.43574e-05

Writing checkpoint, step 2640 at Thu Jun 24 02:04:45 2021


           Step           Time
           2700        5.40000

   Energies (kJ/mol)
            U-B    Proper Dih.  Improper Dih.      CMAP Dih.          LJ-14
    3.25988e+05    2.47416e+05    4.51646e+03   -1.07394e+03    4.98935e+04
     Coulomb-14        LJ (SR)   Coulomb (SR)   Coul. recip. Position Rest.
   -2.37590e+05    5.19351e+05   -8.13988e+06    2.93892e+04    4.15236e+03
      Potential    Kinetic En.   Total Energy  Conserved En.    Temperature
   -7.19784e+06    1.61700e+06   -5.58084e+06   -7.35980e+06    3.10191e+02
 Pressure (bar)   Constr. rmsd
    1.31107e+03    1.41758e-05

           Step           Time
           2800        5.60000

Writing checkpoint, step 2800 at Thu Jun 24 02:20:08 2021


   Energies (kJ/mol)
            U-B    Proper Dih.  Improper Dih.      CMAP Dih.          LJ-14
    3.26227e+05    2.46933e+05    4.63778e+03   -1.14893e+03    5.00617e+04
     Coulomb-14        LJ (SR)   Coulomb (SR)   Coul. recip. Position Rest.
   -2.38275e+05    5.24216e+05   -8.14680e+06    2.90102e+04    4.19490e+03
      Potential    Kinetic En.   Total Energy  Conserved En.    Temperature
   -7.20094e+06    1.61840e+06   -5.58254e+06   -7.35990e+06    3.10460e+02
 Pressure (bar)   Constr. rmsd
    1.11754e+03    1.41948e-05

           Step           Time
           2900        5.80000

   Energies (kJ/mol)
            U-B    Proper Dih.  Improper Dih.      CMAP Dih.          LJ-14
    3.25169e+05    2.46613e+05    4.52069e+03   -1.12657e+03    5.01424e+04
     Coulomb-14        LJ (SR)   Coulomb (SR)   Coul. recip. Position Rest.
   -2.37515e+05    5.22595e+05   -8.14357e+06    2.91286e+04    4.34387e+03
      Potential    Kinetic En.   Total Energy  Conserved En.    Temperature
   -7.19969e+06    1.61746e+06   -5.58224e+06   -7.36000e+06    3.10278e+02
 Pressure (bar)   Constr. rmsd
    1.25827e+03    1.41544e-05

Writing checkpoint, step 2960 at Thu Jun 24 02:35:42 2021


           Step           Time
           3000        6.00000

   Energies (kJ/mol)
            U-B    Proper Dih.  Improper Dih.      CMAP Dih.          LJ-14
    3.25598e+05    2.46470e+05    4.51421e+03   -1.16998e+03    4.95760e+04
     Coulomb-14        LJ (SR)   Coulomb (SR)   Coul. recip. Position Rest.
   -2.37968e+05    5.19881e+05   -8.13868e+06    2.91049e+04    4.26177e+03
      Potential    Kinetic En.   Total Energy  Conserved En.    Temperature
   -7.19841e+06    1.61150e+06   -5.58692e+06   -7.36007e+06    3.09135e+02
 Pressure (bar)   Constr. rmsd
    1.10262e+03    1.45230e-05

           Step           Time
           3100        6.20000

   Energies (kJ/mol)
            U-B    Proper Dih.  Improper Dih.      CMAP Dih.          LJ-14
    3.26570e+05    2.46458e+05    4.34526e+03   -1.08053e+03    5.01084e+04
     Coulomb-14        LJ (SR)   Coulomb (SR)   Coul. recip. Position Rest.
   -2.38439e+05    5.20677e+05   -8.14165e+06    2.91075e+04    4.16917e+03
      Potential    Kinetic En.   Total Energy  Conserved En.    Temperature
   -7.19973e+06    1.60964e+06   -5.59009e+06   -7.36004e+06    3.08780e+02
 Pressure (bar)   Constr. rmsd
    1.19625e+03    1.42228e-05

Writing checkpoint, step 3120 at Thu Jun 24 02:51:05 2021


           Step           Time
           3200        6.40000

   Energies (kJ/mol)
            U-B    Proper Dih.  Improper Dih.      CMAP Dih.          LJ-14
    3.24961e+05    2.46661e+05    4.48199e+03   -1.10011e+03    4.96981e+04
     Coulomb-14        LJ (SR)   Coulomb (SR)   Coul. recip. Position Rest.
   -2.37933e+05    5.21929e+05   -8.14189e+06    2.91543e+04    4.21428e+03
      Potential    Kinetic En.   Total Energy  Conserved En.    Temperature
   -7.19982e+06    1.61105e+06   -5.58877e+06   -7.36012e+06    3.09050e+02
 Pressure (bar)   Constr. rmsd
    1.22984e+03    1.42445e-05

Writing checkpoint, step 3280 at Thu Jun 24 03:06:27 2021


           Step           Time
           3300        6.60000

   Energies (kJ/mol)
            U-B    Proper Dih.  Improper Dih.      CMAP Dih.          LJ-14
    3.24933e+05    2.46735e+05    4.51745e+03   -1.06266e+03    5.02106e+04
     Coulomb-14        LJ (SR)   Coulomb (SR)   Coul. recip. Position Rest.
   -2.37418e+05    5.22736e+05   -8.13770e+06    2.91489e+04    4.18028e+03
      Potential    Kinetic En.   Total Energy  Conserved En.    Temperature
   -7.19372e+06    1.61344e+06   -5.58028e+06   -7.36022e+06    3.09508e+02
 Pressure (bar)   Constr. rmsd
    1.28256e+03    1.43245e-05

           Step           Time
           3400        6.80000

   Energies (kJ/mol)
            U-B    Proper Dih.  Improper Dih.      CMAP Dih.          LJ-14
    3.26150e+05    2.46730e+05    4.44979e+03   -9.38252e+02    4.98790e+04
     Coulomb-14        LJ (SR)   Coulomb (SR)   Coul. recip. Position Rest.
   -2.39389e+05    5.19124e+05   -8.13856e+06    2.93602e+04    4.08887e+03
      Potential    Kinetic En.   Total Energy  Conserved En.    Temperature
   -7.19910e+06    1.61485e+06   -5.58425e+06   -7.36026e+06    3.09779e+02
 Pressure (bar)   Constr. rmsd
    1.17409e+03    1.42415e-05

Writing checkpoint, step 3440 at Thu Jun 24 03:21:55 2021


           Step           Time
           3500        7.00000

   Energies (kJ/mol)
            U-B    Proper Dih.  Improper Dih.      CMAP Dih.          LJ-14
    3.24271e+05    2.47210e+05    4.19961e+03   -1.12278e+03    5.01282e+04
     Coulomb-14        LJ (SR)   Coulomb (SR)   Coul. recip. Position Rest.
   -2.38286e+05    5.16196e+05   -8.13886e+06    2.89874e+04    4.21373e+03
      Potential    Kinetic En.   Total Energy  Conserved En.    Temperature
   -7.20307e+06    1.61386e+06   -5.58920e+06   -7.36043e+06    3.09589e+02
 Pressure (bar)   Constr. rmsd
    1.00777e+03    1.46140e-05

           Step           Time
           3600        7.20000

Writing checkpoint, step 3600 at Thu Jun 24 03:37:25 2021


   Energies (kJ/mol)
            U-B    Proper Dih.  Improper Dih.      CMAP Dih.          LJ-14
    3.23874e+05    2.46653e+05    4.43504e+03   -1.13749e+03    5.00974e+04
     Coulomb-14        LJ (SR)   Coulomb (SR)   Coul. recip. Position Rest.
   -2.37166e+05    5.17334e+05   -8.14094e+06    2.92929e+04    4.30447e+03
      Potential    Kinetic En.   Total Energy  Conserved En.    Temperature
   -7.20325e+06    1.61088e+06   -5.59237e+06   -7.36052e+06    3.09017e+02
 Pressure (bar)   Constr. rmsd
    1.21350e+03    1.43341e-05

Writing checkpoint, step 3680 at Thu Jun 24 03:45:05 2021


           Step           Time
           3700        7.40000

   Energies (kJ/mol)
            U-B    Proper Dih.  Improper Dih.      CMAP Dih.          LJ-14
    3.25517e+05    2.46446e+05    4.50785e+03   -9.48423e+02    4.97674e+04
     Coulomb-14        LJ (SR)   Coulomb (SR)   Coul. recip. Position Rest.
   -2.38169e+05    5.18869e+05   -8.13740e+06    2.91891e+04    4.20027e+03
      Potential    Kinetic En.   Total Energy  Conserved En.    Temperature
   -7.19802e+06    1.61786e+06   -5.58016e+06   -7.36053e+06    3.10356e+02
 Pressure (bar)   Constr. rmsd
    1.25000e+03    1.45004e-05

           Step           Time
           3800        7.60000

   Energies (kJ/mol)
            U-B    Proper Dih.  Improper Dih.      CMAP Dih.          LJ-14
    3.24755e+05    2.47051e+05    4.64112e+03   -1.11236e+03    5.00213e+04
     Coulomb-14        LJ (SR)   Coulomb (SR)   Coul. recip. Position Rest.
   -2.38168e+05    5.16631e+05   -8.13827e+06    2.93643e+04    4.28228e+03
      Potential    Kinetic En.   Total Energy  Conserved En.    Temperature
   -7.20080e+06    1.61826e+06   -5.58254e+06   -7.36062e+06    3.10433e+02
 Pressure (bar)   Constr. rmsd
    1.18662e+03    1.41516e-05

Writing checkpoint, step 3840 at Thu Jun 24 04:00:43 2021


           Step           Time
           3900        7.80000

   Energies (kJ/mol)
            U-B    Proper Dih.  Improper Dih.      CMAP Dih.          LJ-14
    3.24708e+05    2.46630e+05    4.50673e+03   -1.03261e+03    5.00951e+04
     Coulomb-14        LJ (SR)   Coulomb (SR)   Coul. recip. Position Rest.
   -2.38881e+05    5.13131e+05   -8.12988e+06    2.92612e+04    4.13212e+03
      Potential    Kinetic En.   Total Energy  Conserved En.    Temperature
   -7.19733e+06    1.61413e+06   -5.58320e+06   -7.36064e+06    3.09640e+02
 Pressure (bar)   Constr. rmsd
    1.19136e+03    1.39713e-05

           Step           Time
           4000        8.00000

Writing checkpoint, step 4000 at Thu Jun 24 04:16:16 2021


   Energies (kJ/mol)
            U-B    Proper Dih.  Improper Dih.      CMAP Dih.          LJ-14
    3.24830e+05    2.46503e+05    4.60100e+03   -1.14693e+03    4.99843e+04
     Coulomb-14        LJ (SR)   Coulomb (SR)   Coul. recip. Position Rest.
   -2.38109e+05    5.11845e+05   -8.13018e+06    2.89110e+04    4.14359e+03
      Potential    Kinetic En.   Total Energy  Conserved En.    Temperature
   -7.19861e+06    1.61225e+06   -5.58636e+06   -7.36077e+06    3.09280e+02
 Pressure (bar)   Constr. rmsd
    1.14703e+03    1.42970e-05

           Step           Time
           4100        8.20000

   Energies (kJ/mol)
            U-B    Proper Dih.  Improper Dih.      CMAP Dih.          LJ-14
    3.25458e+05    2.46549e+05    4.47752e+03   -1.09090e+03    5.00626e+04
     Coulomb-14        LJ (SR)   Coulomb (SR)   Coul. recip. Position Rest.
   -2.38395e+05    5.12454e+05   -8.13109e+06    2.90056e+04    4.27201e+03
      Potential    Kinetic En.   Total Energy  Conserved En.    Temperature
   -7.19829e+06    1.61305e+06   -5.58524e+06   -7.36079e+06    3.09433e+02
 Pressure (bar)   Constr. rmsd
    1.20827e+03    1.41988e-05

           Step           Time
           4200        8.40000

   Energies (kJ/mol)
            U-B    Proper Dih.  Improper Dih.      CMAP Dih.          LJ-14
    3.24508e+05    2.46777e+05    4.50436e+03   -1.08618e+03    5.02512e+04
     Coulomb-14        LJ (SR)   Coulomb (SR)   Coul. recip. Position Rest.
   -2.39122e+05    5.08695e+05   -8.12338e+06    2.92086e+04    4.19747e+03
      Potential    Kinetic En.   Total Energy  Conserved En.    Temperature
   -7.19545e+06    1.61608e+06   -5.57937e+06   -7.36092e+06    3.10015e+02
 Pressure (bar)   Constr. rmsd
    1.19607e+03    1.44311e-05

           Step           Time
           4300        8.60000

   Energies (kJ/mol)
            U-B    Proper Dih.  Improper Dih.      CMAP Dih.          LJ-14
    3.25727e+05    2.47081e+05    4.48849e+03   -1.14124e+03    4.97757e+04
     Coulomb-14        LJ (SR)   Coulomb (SR)   Coul. recip. Position Rest.
   -2.38951e+05    5.11887e+05   -8.12979e+06    2.91711e+04    4.17977e+03
      Potential    Kinetic En.   Total Energy  Conserved En.    Temperature
   -7.19757e+06    1.61289e+06   -5.58469e+06   -7.36089e+06    3.09402e+02
 Pressure (bar)   Constr. rmsd
    1.13141e+03    1.42332e-05

Writing checkpoint, step 4320 at Thu Jun 24 04:32:35 2021


           Step           Time
           4400        8.80000

   Energies (kJ/mol)
            U-B    Proper Dih.  Improper Dih.      CMAP Dih.          LJ-14
    3.23604e+05    2.46780e+05    4.56810e+03   -1.07968e+03    5.01521e+04
     Coulomb-14        LJ (SR)   Coulomb (SR)   Coul. recip. Position Rest.
   -2.38650e+05    5.11434e+05   -8.13087e+06    2.90777e+04    4.07010e+03
      Potential    Kinetic En.   Total Energy  Conserved En.    Temperature
   -7.20092e+06    1.61458e+06   -5.58633e+06   -7.36108e+06    3.09727e+02
 Pressure (bar)   Constr. rmsd
    1.24363e+03    1.41667e-05

           Step           Time
           4500        9.00000

   Energies (kJ/mol)
            U-B    Proper Dih.  Improper Dih.      CMAP Dih.          LJ-14
    3.25658e+05    2.46958e+05    4.66258e+03   -1.24228e+03    5.06559e+04
     Coulomb-14        LJ (SR)   Coulomb (SR)   Coul. recip. Position Rest.
   -2.38047e+05    5.13132e+05   -8.13149e+06    2.88154e+04    4.25663e+03
      Potential    Kinetic En.   Total Energy  Conserved En.    Temperature
   -7.19664e+06    1.61448e+06   -5.58216e+06   -7.36094e+06    3.09708e+02
 Pressure (bar)   Constr. rmsd
    1.21919e+03    1.42824e-05

           Step           Time
           4600        9.20000

   Energies (kJ/mol)
            U-B    Proper Dih.  Improper Dih.      CMAP Dih.          LJ-14
    3.24420e+05    2.46922e+05    4.55061e+03   -1.15670e+03    4.99443e+04
     Coulomb-14        LJ (SR)   Coulomb (SR)   Coul. recip. Position Rest.
   -2.37291e+05    5.11776e+05   -8.13526e+06    2.90602e+04    4.13572e+03
      Potential    Kinetic En.   Total Energy  Conserved En.    Temperature
   -7.20290e+06    1.61307e+06   -5.58983e+06   -7.36108e+06    3.09437e+02
 Pressure (bar)   Constr. rmsd
    1.09912e+03    1.42309e-05

Writing checkpoint, step 4640 at Thu Jun 24 04:48:36 2021


           Step           Time
           4700        9.40000

   Energies (kJ/mol)
            U-B    Proper Dih.  Improper Dih.      CMAP Dih.          LJ-14
    3.25031e+05    2.46320e+05    4.50538e+03   -1.13666e+03    5.01712e+04
     Coulomb-14        LJ (SR)   Coulomb (SR)   Coul. recip. Position Rest.
   -2.37460e+05    5.13221e+05   -8.13476e+06    2.92531e+04    4.01952e+03
      Potential    Kinetic En.   Total Energy  Conserved En.    Temperature
   -7.20083e+06    1.60989e+06   -5.59094e+06   -7.36112e+06    3.08826e+02
 Pressure (bar)   Constr. rmsd
    1.15248e+03    1.42996e-05

           Step           Time
           4800        9.60000

   Energies (kJ/mol)
            U-B    Proper Dih.  Improper Dih.      CMAP Dih.          LJ-14
    3.25802e+05    2.46471e+05    4.65938e+03   -1.03029e+03    4.99835e+04
     Coulomb-14        LJ (SR)   Coulomb (SR)   Coul. recip. Position Rest.
   -2.37591e+05    5.09631e+05   -8.12833e+06    2.90640e+04    4.29362e+03
      Potential    Kinetic En.   Total Energy  Conserved En.    Temperature
   -7.19705e+06    1.61561e+06   -5.58143e+06   -7.36121e+06    3.09925e+02
 Pressure (bar)   Constr. rmsd
    1.13117e+03    1.43441e-05

Writing checkpoint, step 4880 at Thu Jun 24 05:00:36 2021


           Step           Time
           4900        9.80000

   Energies (kJ/mol)
            U-B    Proper Dih.  Improper Dih.      CMAP Dih.          LJ-14
    3.25458e+05    2.46475e+05    4.44487e+03   -1.11563e+03    5.02736e+04
     Coulomb-14        LJ (SR)   Coulomb (SR)   Coul. recip. Position Rest.
   -2.38254e+05    5.12229e+05   -8.12742e+06    2.91124e+04    4.30150e+03
      Potential    Kinetic En.   Total Energy  Conserved En.    Temperature
   -7.19450e+06    1.61664e+06   -5.57786e+06   -7.36137e+06    3.10122e+02
 Pressure (bar)   Constr. rmsd
    1.17705e+03    1.41445e-05

           Step           Time
           5000       10.00000

Writing checkpoint, step 5000 at Thu Jun 24 05:06:35 2021


   Energies (kJ/mol)
            U-B    Proper Dih.  Improper Dih.      CMAP Dih.          LJ-14
    3.25333e+05    2.46187e+05    4.52545e+03   -1.07448e+03    4.98723e+04
     Coulomb-14        LJ (SR)   Coulomb (SR)   Coul. recip. Position Rest.
   -2.38006e+05    5.14572e+05   -8.13334e+06    2.95178e+04    4.15429e+03
      Potential    Kinetic En.   Total Energy  Conserved En.    Temperature
   -7.19826e+06    1.61424e+06   -5.58402e+06   -7.36143e+06    3.09662e+02
 Pressure (bar)   Constr. rmsd
    1.29380e+03    1.44962e-05

	<======  ###############  ==>
	<====  A V E R A G E S  ====>
	<==  ###############  ======>

	Statistics over 5001 steps using 51 frames

   Energies (kJ/mol)
            U-B    Proper Dih.  Improper Dih.      CMAP Dih.          LJ-14
    3.18797e+05    2.46379e+05    4.42285e+03   -1.09112e+03    4.97655e+04
     Coulomb-14        LJ (SR)   Coulomb (SR)   Coul. recip. Position Rest.
   -2.37885e+05    5.27675e+05   -8.19156e+06    2.88044e+04    4.10682e+03
      Potential    Kinetic En.   Total Energy  Conserved En.    Temperature
   -7.25059e+06    1.60341e+06   -5.64718e+06   -7.36015e+06    3.07583e+02
 Pressure (bar)   Constr. rmsd
    1.10087e+03    0.00000e+00

   Total Virial (kJ/mol)
    3.28323e+05    1.08305e+03   -1.72625e+03
    1.09090e+03    3.36213e+05   -2.19644e+03
   -1.72698e+03   -2.19560e+03    3.55948e+05

   Pressure (bar)
    1.15362e+03   -6.33167e+00    9.82392e+00
   -6.37613e+00    1.10738e+03    1.40475e+01
    9.82804e+00    1.40428e+01    1.04159e+03

 T-Protein_POPCT-Water_and_ions
    3.08114e+02    3.07436e+02


	M E G A - F L O P S   A C C O U N T I N G

 NB=Group-cutoff nonbonded kernels    NxN=N-by-N cluster Verlet kernels
 RF=Reaction-Field  VdW=Van der Waals  QSTab=quadratic-spline table
 W3=SPC/TIP3p  W4=TIP4p (single or pairs)
 V&F=Potential and force  V=Potential only  F=Force only

 Computing:                               M-Number         M-Flops  % Flops
-----------------------------------------------------------------------------
 Pair Search distance check           27543.242152      247889.179     0.2
 NxN QSTab Elec. + LJ [F]           2497343.242040   102391072.924    92.6
 NxN QSTab Elec. + LJ [V&F]           25729.859848     1518061.731     1.4
 NxN QSTab Elec. [F]                  12719.457512      432461.555     0.4
 NxN QSTab Elec. [V&F]                  130.910584        5367.334     0.0
 1,4 nonbonded interactions            1800.495027      162044.552     0.1
 Calc Weights                          9393.813387      338177.282     0.3
 Spread Q Bspline                    200401.352256      400802.705     0.4
 Gather F Bspline                    200401.352256     1202408.114     1.1
 3D-FFT                              331062.559272     2648500.474     2.4
 Solve PME                               62.732544        4014.883     0.0
 Shift-X                                 39.446127         236.677     0.0
 Propers                               2137.492413      489485.763     0.4
 Impropers                               21.909381        4557.151     0.0
 Pos. Restr.                             38.902779        1945.139     0.0
 Virial                                  31.934874         574.828     0.0
 Stop-CM                                 32.558708         325.587     0.0
 Calc-Ekin                             1253.510258       33844.777     0.0
 Lincs                                  674.999757       40499.985     0.0
 Lincs-Mat                            15480.942996       61923.772     0.1
 Constraint-V                          3798.318720       30386.550     0.0
 Constraint-Vir                          31.846491         764.316     0.0
 Settle                                 816.359522      263684.126     0.2
 CMAP                                     4.905981        8340.168     0.0
 Urey-Bradley                          1289.562861      235990.004     0.2
-----------------------------------------------------------------------------
 Total                                               110523359.574   100.0
-----------------------------------------------------------------------------


     R E A L   C Y C L E   A N D   T I M E   A C C O U N T I N G

On 1 MPI rank, each using 4 OpenMP threads

 Computing:          Num   Num      Call    Wall time         Giga-Cycles
                     Ranks Threads  Count      (s)         total sum    %
-----------------------------------------------------------------------------
 Neighbor search        1    4         63      85.953       1270.730   0.3
 Force                  1    4       5001   22453.777     331956.594  84.6
 PME mesh               1    4       5001    1919.789      28382.155   7.2
 NB X/F buffer ops.     1    4       9939     470.038       6949.047   1.8
 Write traj.            1    4         73      34.720        513.294   0.1
 Update                 1    4       5001     297.030       4391.296   1.1
 Constraints            1    4       5001    1197.832      17708.746   4.5
 Rest                                          67.443        997.079   0.3
-----------------------------------------------------------------------------
 Total                                      26526.582     392168.941 100.0
-----------------------------------------------------------------------------
 Breakdown of PME mesh computation
-----------------------------------------------------------------------------
 PME spread             1    4       5001     701.790      10375.257   2.6
 PME gather             1    4       5001     757.268      11195.456   2.9
 PME 3D-FFT             1    4      10002     383.260       5666.115   1.4
 PME solve Elec         1    4       5001      11.386        168.335   0.0
-----------------------------------------------------------------------------

               Core t (s)   Wall t (s)        (%)
       Time:   106106.328    26526.582      400.0
                         7h22:06
                 (ns/day)    (hour/ns)
Performance:        0.033      736.702
Finished mdrun on rank 0 Thu Jun 24 05:06:37 2021
